2023-03-27T18:57:23.250632+00:00 WARNING 'ansible_navigator.image_manager.puller._log_message' Image inspection failed, image assumed to be corrupted or missing
2023-03-27T18:57:23.553947+00:00 ERROR 'ansible_navigator.image_manager.puller._log_message' Execution environment pull failed
2023-03-27T19:04:59.337785+00:00 WARNING 'ansible_navigator.image_manager.puller._log_message' Image inspection failed, image assumed to be corrupted or missing
2023-03-27T19:04:59.514394+00:00 ERROR 'ansible_navigator.image_manager.puller._log_message' Execution environment pull failed
2023-03-27T19:20:13.478981+00:00 WARNING 'ansible_navigator.image_manager.puller._log_message' Image inspection failed, image assumed to be corrupted or missing
2023-03-27T19:20:13.656534+00:00 ERROR 'ansible_navigator.image_manager.puller._log_message' Execution environment pull failed
2023-03-27T19:25:25.663758+00:00 CRITICAL 'ansible_navigator.actions.run_playbook._handle_message' Unhandled message from runner queue, discarded: {'event': 'verbose', 'uuid': '993842a6-400c-49ca-831c-4cdf61b908de', 'counter': 1, 'stdout': '\x1b[0;31mERROR! We were unable to read either as JSON nor YAML, these are the errors we got from each:\x1b[0m', 'start_line': 0, 'end_line': 1, 'runner_ident': '46b737a0-124f-4fec-90b3-2609cb6cc057', 'created': '2023-03-27T19:25:25.661933'}
2023-03-27T19:25:25.664761+00:00 CRITICAL 'ansible_navigator.actions.run_playbook._handle_message' Unhandled message from runner queue, discarded: {'event': 'verbose', 'uuid': '08dff759-377a-4e1c-9356-1f4762e8e59a', 'counter': 2, 'stdout': '\x1b[0;31mJSON: Expecting value: line 1 column 1 (char 0)\x1b[0m', 'start_line': 1, 'end_line': 2, 'runner_ident': '46b737a0-124f-4fec-90b3-2609cb6cc057', 'created': '2023-03-27T19:25:25.662353'}
2023-03-27T19:25:25.664912+00:00 CRITICAL 'ansible_navigator.actions.run_playbook._handle_message' Unhandled message from runner queue, discarded: {'event': 'verbose', 'uuid': '2e5f3c2b-00ea-483d-9e4f-f285f6dc89ac', 'counter': 3, 'stdout': '\x1b[0;31m\x1b[0m', 'start_line': 2, 'end_line': 3, 'runner_ident': '46b737a0-124f-4fec-90b3-2609cb6cc057', 'created': '2023-03-27T19:25:25.662428'}
2023-03-27T19:25:25.664999+00:00 CRITICAL 'ansible_navigator.actions.run_playbook._handle_message' Unhandled message from runner queue, discarded: {'event': 'verbose', 'uuid': '06611a1f-5731-4f68-9706-138b34d50563', 'counter': 4, 'stdout': '\x1b[0;31mSyntax Error while loading YAML.\x1b[0m', 'start_line': 3, 'end_line': 4, 'runner_ident': '46b737a0-124f-4fec-90b3-2609cb6cc057', 'created': '2023-03-27T19:25:25.662478'}
2023-03-27T19:25:25.665084+00:00 CRITICAL 'ansible_navigator.actions.run_playbook._handle_message' Unhandled message from runner queue, discarded: {'event': 'verbose', 'uuid': 'ce353ce1-6fce-4cda-a23d-87f2014092bf', 'counter': 5, 'stdout': "\x1b[0;31m  did not find expected '-' indicator\x1b[0m", 'start_line': 4, 'end_line': 5, 'runner_ident': '46b737a0-124f-4fec-90b3-2609cb6cc057', 'created': '2023-03-27T19:25:25.662522'}
2023-03-27T19:25:25.665158+00:00 CRITICAL 'ansible_navigator.actions.run_playbook._handle_message' Unhandled message from runner queue, discarded: {'event': 'verbose', 'uuid': 'c9333df2-edf6-408a-870f-c30d4236cfa8', 'counter': 6, 'stdout': '\x1b[0;31m\x1b[0m', 'start_line': 5, 'end_line': 6, 'runner_ident': '46b737a0-124f-4fec-90b3-2609cb6cc057', 'created': '2023-03-27T19:25:25.662564'}
2023-03-27T19:25:25.665230+00:00 CRITICAL 'ansible_navigator.actions.run_playbook._handle_message' Unhandled message from runner queue, discarded: {'event': 'verbose', 'uuid': 'b53caea3-14f0-4760-b9a8-ee8f8f63ed4f', 'counter': 7, 'stdout': "\x1b[0;31mThe error appears to be in '/home/student/HRM/HRM/roles/Prictice1/tasks/main.yml': line 5, column 2, but may\x1b[0m", 'start_line': 6, 'end_line': 7, 'runner_ident': '46b737a0-124f-4fec-90b3-2609cb6cc057', 'created': '2023-03-27T19:25:25.662606'}
2023-03-27T19:25:25.665352+00:00 CRITICAL 'ansible_navigator.actions.run_playbook._handle_message' Unhandled message from runner queue, discarded: {'event': 'verbose', 'uuid': '4a3778c5-c2d7-4092-8348-9b6dcde5c3e8', 'counter': 8, 'stdout': '\x1b[0;31mbe elsewhere in the file depending on the exact syntax problem.\x1b[0m', 'start_line': 7, 'end_line': 8, 'runner_ident': '46b737a0-124f-4fec-90b3-2609cb6cc057', 'created': '2023-03-27T19:25:25.662651'}
2023-03-27T19:25:25.665469+00:00 CRITICAL 'ansible_navigator.actions.run_playbook._handle_message' Unhandled message from runner queue, discarded: {'event': 'verbose', 'uuid': '1ff20603-7e6d-4357-8545-599e407bc9a0', 'counter': 9, 'stdout': '\x1b[0;31m\x1b[0m', 'start_line': 8, 'end_line': 9, 'runner_ident': '46b737a0-124f-4fec-90b3-2609cb6cc057', 'created': '2023-03-27T19:25:25.662693'}
2023-03-27T19:25:25.665555+00:00 CRITICAL 'ansible_navigator.actions.run_playbook._handle_message' Unhandled message from runner queue, discarded: {'event': 'verbose', 'uuid': '1b32cb67-428d-48b1-ad8e-be15f0006c79', 'counter': 10, 'stdout': '\x1b[0;31mThe offending line appears to be:\x1b[0m', 'start_line': 9, 'end_line': 10, 'runner_ident': '46b737a0-124f-4fec-90b3-2609cb6cc057', 'created': '2023-03-27T19:25:25.662752'}
2023-03-27T19:25:25.665618+00:00 CRITICAL 'ansible_navigator.actions.run_playbook._handle_message' Unhandled message from runner queue, discarded: {'event': 'verbose', 'uuid': 'd696c7a7-864c-459b-87da-8114157c02f3', 'counter': 11, 'stdout': '\x1b[0;31m\x1b[0m', 'start_line': 10, 'end_line': 11, 'runner_ident': '46b737a0-124f-4fec-90b3-2609cb6cc057', 'created': '2023-03-27T19:25:25.662795'}
2023-03-27T19:25:25.665713+00:00 CRITICAL 'ansible_navigator.actions.run_playbook._handle_message' Unhandled message from runner queue, discarded: {'event': 'verbose', 'uuid': '76ba73a2-1aa2-4132-b592-d4a45e670eca', 'counter': 12, 'stdout': '\x1b[0;31m- name: Ensure Apache package is installed\x1b[0m', 'start_line': 11, 'end_line': 12, 'runner_ident': '46b737a0-124f-4fec-90b3-2609cb6cc057', 'created': '2023-03-27T19:25:25.662839'}
2023-03-27T19:25:25.665784+00:00 CRITICAL 'ansible_navigator.actions.run_playbook._handle_message' Unhandled message from runner queue, discarded: {'event': 'verbose', 'uuid': '48102573-45f3-4aa4-84dc-db250b5dc0e1', 'counter': 13, 'stdout': '\x1b[0;31m ansible.builtin.dnf:\x1b[0m', 'start_line': 12, 'end_line': 13, 'runner_ident': '46b737a0-124f-4fec-90b3-2609cb6cc057', 'created': '2023-03-27T19:25:25.662880'}
2023-03-27T19:25:25.665849+00:00 CRITICAL 'ansible_navigator.actions.run_playbook._handle_message' Unhandled message from runner queue, discarded: {'event': 'verbose', 'uuid': 'ec7c56a8-dbd2-4012-a7ce-6a22c84a8f0c', 'counter': 14, 'stdout': '\x1b[0;31m ^ here\x1b[0m', 'start_line': 13, 'end_line': 14, 'runner_ident': '46b737a0-124f-4fec-90b3-2609cb6cc057', 'created': '2023-03-27T19:25:25.662920'}
2023-03-27T19:25:25.983092+00:00 ERROR 'ansible_navigator.actions.run_playbook.write_artifact' Saving the artifact file failed, resulted in the following error: f[Errno 13] Permission denied: '/home/student/HRM/HRM/task1-artifact-2023-03-27T19:25:25.981359+00:00.json'
2023-03-27T19:28:11.898586+00:00 ERROR 'ansible_navigator.actions.run_playbook.write_artifact' Saving the artifact file failed, resulted in the following error: f[Errno 13] Permission denied: '/home/student/HRM/HRM/task1-artifact-2023-03-27T19:28:11.896834+00:00.json'
2023-03-28T16:32:37.694495+00:00 INFO 'ansible_navigator.setup_logger' New ansible-navigator instance, logging initialized
2023-03-28T16:32:37.695682+00:00 INFO 'ansible_navigator.setup_logger' New ansible-runner instance, logging initialized
2023-03-28T16:32:37.695766+00:00 DEBUG 'ansible_navigator.main' ansible-builder==1.1.0 /usr/lib/python3.9/site-packages
2023-03-28T16:32:37.695796+00:00 DEBUG 'ansible_navigator.main' ansible-core==2.13.0 /usr/lib/python3.9/site-packages
2023-03-28T16:32:37.695821+00:00 DEBUG 'ansible_navigator.main' ansible-navigator==2.1.0 /usr/lib/python3.9/site-packages
2023-03-28T16:32:37.695844+00:00 DEBUG 'ansible_navigator.main' ansible-runner==2.2.0 /usr/lib/python3.9/site-packages
2023-03-28T16:32:37.695866+00:00 DEBUG 'ansible_navigator.main' attrs==21.4.0 /usr/lib/python3.9/site-packages
2023-03-28T16:32:37.695888+00:00 DEBUG 'ansible_navigator.main' babel==2.9.1 /usr/lib/python3.9/site-packages
2023-03-28T16:32:37.695923+00:00 DEBUG 'ansible_navigator.main' bindep==2.10.2 /usr/lib/python3.9/site-packages
2023-03-28T16:32:37.695946+00:00 DEBUG 'ansible_navigator.main' brlapi==0.8.2 /usr/lib64/python3.9/site-packages
2023-03-28T16:32:37.695967+00:00 DEBUG 'ansible_navigator.main' certifi==2020.6.20 /usr/lib/python3.9/site-packages
2023-03-28T16:32:37.695989+00:00 DEBUG 'ansible_navigator.main' cffi==1.15.0 /usr/lib64/python3.9/site-packages
2023-03-28T16:32:37.696011+00:00 DEBUG 'ansible_navigator.main' chardet==4.0.0 /usr/lib/python3.9/site-packages
2023-03-28T16:32:37.696032+00:00 DEBUG 'ansible_navigator.main' charset-normalizer==2.0.11 /usr/lib/python3.9/site-packages
2023-03-28T16:32:37.696069+00:00 DEBUG 'ansible_navigator.main' chrome-gnome-shell==0.0.0 /usr/lib/python3.9/site-packages
2023-03-28T16:32:37.696092+00:00 DEBUG 'ansible_navigator.main' cloud-init==21.1 /usr/lib/python3.9/site-packages
2023-03-28T16:32:37.696114+00:00 DEBUG 'ansible_navigator.main' configobj==5.0.6 /usr/lib/python3.9/site-packages
2023-03-28T16:32:37.696135+00:00 DEBUG 'ansible_navigator.main' cryptography==36.0.1 /usr/lib64/python3.9/site-packages
2023-03-28T16:32:37.696156+00:00 DEBUG 'ansible_navigator.main' cupshelpers==1.0 /usr/lib/python3.9/site-packages
2023-03-28T16:32:37.696195+00:00 DEBUG 'ansible_navigator.main' dasbus==1.4 /usr/lib/python3.9/site-packages
2023-03-28T16:32:37.696218+00:00 DEBUG 'ansible_navigator.main' dbus-python==1.2.18 /usr/lib64/python3.9/site-packages
2023-03-28T16:32:37.696240+00:00 DEBUG 'ansible_navigator.main' decorator==4.4.2 /usr/lib/python3.9/site-packages
2023-03-28T16:32:37.696276+00:00 DEBUG 'ansible_navigator.main' distlib==0.3.4 /usr/local/lib/python3.9/site-packages
2023-03-28T16:32:37.696297+00:00 DEBUG 'ansible_navigator.main' distro==1.6.0 /usr/lib/python3.9/site-packages
2023-03-28T16:32:37.696319+00:00 DEBUG 'ansible_navigator.main' docutils==0.16 /usr/lib/python3.9/site-packages
2023-03-28T16:32:37.696340+00:00 DEBUG 'ansible_navigator.main' ethtool==0.15 /usr/lib64/python3.9/site-packages
2023-03-28T16:32:37.696361+00:00 DEBUG 'ansible_navigator.main' file-magic==0.4.0 /usr/lib/python3.9/site-packages
2023-03-28T16:32:37.696382+00:00 DEBUG 'ansible_navigator.main' filelock==3.7.0 /usr/local/lib/python3.9/site-packages
2023-03-28T16:32:37.696403+00:00 DEBUG 'ansible_navigator.main' gpg==1.15.1 /usr/lib64/python3.9/site-packages
2023-03-28T16:32:37.696424+00:00 DEBUG 'ansible_navigator.main' idna==3.3 /usr/lib/python3.9/site-packages
2023-03-28T16:32:37.696445+00:00 DEBUG 'ansible_navigator.main' iniparse==0.4 /usr/lib/python3.9/site-packages
2023-03-28T16:32:37.696467+00:00 DEBUG 'ansible_navigator.main' jinja2==3.0.3 /usr/lib/python3.9/site-packages
2023-03-28T16:32:37.696488+00:00 DEBUG 'ansible_navigator.main' jsonpatch==1.21 /usr/lib/python3.9/site-packages
2023-03-28T16:32:37.696509+00:00 DEBUG 'ansible_navigator.main' jsonpointer==2.0 /usr/lib/python3.9/site-packages
2023-03-28T16:32:37.696530+00:00 DEBUG 'ansible_navigator.main' jsonschema==3.2.0 /usr/lib/python3.9/site-packages
2023-03-28T16:32:37.696551+00:00 DEBUG 'ansible_navigator.main' libcomps==0.1.18 /usr/lib64/python3.9/site-packages
2023-03-28T16:32:37.696583+00:00 DEBUG 'ansible_navigator.main' lockfile==0.12.2 /usr/lib/python3.9/site-packages
2023-03-28T16:32:37.696608+00:00 DEBUG 'ansible_navigator.main' lxml==4.6.5 /usr/lib64/python3.9/site-packages
2023-03-28T16:32:37.696629+00:00 DEBUG 'ansible_navigator.main' markupsafe==2.1.0 /usr/lib64/python3.9/site-packages
2023-03-28T16:32:37.696651+00:00 DEBUG 'ansible_navigator.main' netifaces==0.10.6 /usr/lib64/python3.9/site-packages
2023-03-28T16:32:37.696672+00:00 DEBUG 'ansible_navigator.main' nftables==0.1 /usr/lib/python3.9/site-packages
2023-03-28T16:32:37.696694+00:00 DEBUG 'ansible_navigator.main' oauthlib==3.1.1 /usr/lib/python3.9/site-packages
2023-03-28T16:32:37.696743+00:00 DEBUG 'ansible_navigator.main' onigurumacffi==1.1.0 /usr/lib64/python3.9/site-packages
2023-03-28T16:32:37.696792+00:00 DEBUG 'ansible_navigator.main' packaging==21.2 /usr/lib/python3.9/site-packages
2023-03-28T16:32:37.696818+00:00 DEBUG 'ansible_navigator.main' parsley==1.3 /usr/lib/python3.9/site-packages
2023-03-28T16:32:37.696852+00:00 DEBUG 'ansible_navigator.main' pbr==5.8.1 /usr/lib/python3.9/site-packages
2023-03-28T16:32:37.696893+00:00 DEBUG 'ansible_navigator.main' perf==0.1 /usr/lib64/python3.9/site-packages
2023-03-28T16:32:37.696917+00:00 DEBUG 'ansible_navigator.main' pexpect==4.8.0 /usr/lib/python3.9/site-packages
2023-03-28T16:32:37.696939+00:00 DEBUG 'ansible_navigator.main' pip==21.2.3 /usr/lib/python3.9/site-packages
2023-03-28T16:32:37.696962+00:00 DEBUG 'ansible_navigator.main' platformdirs==2.5.2 /usr/local/lib/python3.9/site-packages
2023-03-28T16:32:37.696984+00:00 DEBUG 'ansible_navigator.main' ply==3.11 /usr/lib/python3.9/site-packages
2023-03-28T16:32:37.697006+00:00 DEBUG 'ansible_navigator.main' prettytable==0.7.2 /usr/lib/python3.9/site-packages
2023-03-28T16:32:37.697028+00:00 DEBUG 'ansible_navigator.main' psutil==5.8.0 /usr/lib64/python3.9/site-packages
2023-03-28T16:32:37.697071+00:00 DEBUG 'ansible_navigator.main' ptyprocess==0.6.0 /usr/lib/python3.9/site-packages
2023-03-28T16:32:37.697094+00:00 DEBUG 'ansible_navigator.main' pycairo==1.20.0 /usr/lib64/python3.9/site-packages
2023-03-28T16:32:37.697117+00:00 DEBUG 'ansible_navigator.main' pycparser==2.21 /usr/lib/python3.9/site-packages
2023-03-28T16:32:37.697139+00:00 DEBUG 'ansible_navigator.main' pycups==2.0.1 /usr/lib64/python3.9/site-packages
2023-03-28T16:32:37.697161+00:00 DEBUG 'ansible_navigator.main' pycurl==7.43.0.6 /usr/lib64/python3.9/site-packages
2023-03-28T16:32:37.697183+00:00 DEBUG 'ansible_navigator.main' pyenchant==3.2.0 /usr/lib/python3.9/site-packages
2023-03-28T16:32:37.697206+00:00 DEBUG 'ansible_navigator.main' pygobject==3.40.1 /usr/lib64/python3.9/site-packages
2023-03-28T16:32:37.697228+00:00 DEBUG 'ansible_navigator.main' pyinotify==0.9.6 /usr/lib/python3.9/site-packages
2023-03-28T16:32:37.697250+00:00 DEBUG 'ansible_navigator.main' pyopenssl==19.1.0 /usr/lib/python3.9/site-packages
2023-03-28T16:32:37.697272+00:00 DEBUG 'ansible_navigator.main' pyparsing==2.4.7 /usr/lib/python3.9/site-packages
2023-03-28T16:32:37.697294+00:00 DEBUG 'ansible_navigator.main' pyrsistent==0.17.3 /usr/lib64/python3.9/site-packages
2023-03-28T16:32:37.697316+00:00 DEBUG 'ansible_navigator.main' pyserial==3.4 /usr/lib/python3.9/site-packages
2023-03-28T16:32:37.697338+00:00 DEBUG 'ansible_navigator.main' pysocks==1.7.1 /usr/lib/python3.9/site-packages
2023-03-28T16:32:37.697360+00:00 DEBUG 'ansible_navigator.main' python-daemon==2.3.0 /usr/lib/python3.9/site-packages
2023-03-28T16:32:37.697382+00:00 DEBUG 'ansible_navigator.main' python-dateutil==2.8.1 /usr/lib/python3.9/site-packages
2023-03-28T16:32:37.697405+00:00 DEBUG 'ansible_navigator.main' python-dmidecode==3.12.2 /usr/lib64/python3.9/site-packages
2023-03-28T16:32:37.697427+00:00 DEBUG 'ansible_navigator.main' python-linux-procfs==0.7.0 /usr/lib/python3.9/site-packages
2023-03-28T16:32:37.697449+00:00 DEBUG 'ansible_navigator.main' pytz==2021.3 /usr/lib/python3.9/site-packages
2023-03-28T16:32:37.697483+00:00 DEBUG 'ansible_navigator.main' pyudev==0.22.0 /usr/lib/python3.9/site-packages
2023-03-28T16:32:37.697504+00:00 DEBUG 'ansible_navigator.main' pyxdg==0.27 /usr/lib/python3.9/site-packages
2023-03-28T16:32:37.697525+00:00 DEBUG 'ansible_navigator.main' pyyaml==5.4.1 /usr/lib64/python3.9/site-packages
2023-03-28T16:32:37.697546+00:00 DEBUG 'ansible_navigator.main' requests==2.27.1 /usr/lib/python3.9/site-packages
2023-03-28T16:32:37.697581+00:00 DEBUG 'ansible_navigator.main' requirements-parser==0.2.0 /usr/lib/python3.9/site-packages
2023-03-28T16:32:37.697603+00:00 DEBUG 'ansible_navigator.main' resolvelib==0.5.4 /usr/lib/python3.9/site-packages
2023-03-28T16:32:37.697625+00:00 DEBUG 'ansible_navigator.main' rpm==4.16.1.3 /usr/lib64/python3.9/site-packages
2023-03-28T16:32:37.697646+00:00 DEBUG 'ansible_navigator.main' selinux==3.3 /usr/lib64/python3.9/site-packages
2023-03-28T16:32:37.697701+00:00 DEBUG 'ansible_navigator.main' sepolicy==3.3 /usr/lib/python3.9/site-packages
2023-03-28T16:32:37.697724+00:00 DEBUG 'ansible_navigator.main' setools==4.4.0 /usr/lib64/python3.9/site-packages
2023-03-28T16:32:37.697747+00:00 DEBUG 'ansible_navigator.main' setroubleshoot==1.1 /usr/lib/python3.9/site-packages
2023-03-28T16:32:37.697769+00:00 DEBUG 'ansible_navigator.main' setuptools==53.0.0 /usr/lib/python3.9/site-packages
2023-03-28T16:32:37.697791+00:00 DEBUG 'ansible_navigator.main' six==1.16.0 /usr/lib/python3.9/site-packages
2023-03-28T16:32:37.697813+00:00 DEBUG 'ansible_navigator.main' sos==4.2 /usr/lib/python3.9/site-packages
2023-03-28T16:32:37.697836+00:00 DEBUG 'ansible_navigator.main' subscription-manager==1.29.26 /usr/lib64/python3.9/site-packages
2023-03-28T16:32:37.697858+00:00 DEBUG 'ansible_navigator.main' systemd-python==234 /usr/lib64/python3.9/site-packages
2023-03-28T16:32:37.697880+00:00 DEBUG 'ansible_navigator.main' urllib3==1.26.8 /usr/lib/python3.9/site-packages
2023-03-28T16:32:37.697902+00:00 DEBUG 'ansible_navigator.main' virtualenv==20.14.1 /usr/local/lib/python3.9/site-packages
2023-03-28T16:32:37.697925+00:00 DEBUG 'ansible_navigator.main' Share directory '/usr/lib/python3.9/share/ansible_navigator' not found (development path)
2023-03-28T16:32:37.697948+00:00 DEBUG 'ansible_navigator.main' Share directory '/root/.local/share/ansible_navigator' not found (userbase)
2023-03-28T16:32:37.697970+00:00 DEBUG 'ansible_navigator.main' Share directory '/usr/share/ansible_navigator' found (sys.prefix)
2023-03-28T16:32:37.697993+00:00 DEBUG 'ansible_navigator.main' Default collection_doc_cache_path set to: /root/.cache/ansible-navigator/collection_doc_cache.db
2023-03-28T16:32:37.698016+00:00 DEBUG 'ansible_navigator.main' EDITOR environment variable not set
2023-03-28T16:32:37.698038+00:00 DEBUG 'ansible_navigator.main' Default editor_command set to: vi +{line_number} {filename}
2023-03-28T16:32:37.698076+00:00 DEBUG 'ansible_navigator.main' No config file set by ANSIBLE_NAVIGATOR_CONFIG
2023-03-28T16:32:37.698112+00:00 DEBUG 'ansible_navigator.main' Looking in /root
2023-03-28T16:32:37.698138+00:00 DEBUG 'ansible_navigator.main' Looking for '/root/.ansible-navigator.yml', '/root/.ansible-navigator.yaml' and '/root/.ansible-navigator.json'
2023-03-28T16:32:37.698161+00:00 DEBUG 'ansible_navigator.main' Found 0: 
2023-03-28T16:32:37.698184+00:00 DEBUG 'ansible_navigator.main' Looking in /home/student/HRM/HRM
2023-03-28T16:32:37.698207+00:00 DEBUG 'ansible_navigator.main' Looking for '/home/student/HRM/HRM/ansible-navigator.yml', '/home/student/HRM/HRM/ansible-navigator.yaml' and '/home/student/HRM/HRM/ansible-navigator.json'
2023-03-28T16:32:37.698242+00:00 DEBUG 'ansible_navigator.main' Found 0: 
2023-03-28T16:32:37.698265+00:00 DEBUG 'ansible_navigator.main' All found 0: 
2023-03-28T16:32:37.698287+00:00 DEBUG 'ansible_navigator.main' Using: None
2023-03-28T16:32:37.698310+00:00 DEBUG 'ansible_navigator.main' No valid settings file found, using all default values for settings.
2023-03-28T16:32:37.698332+00:00 DEBUG 'ansible_navigator.main' Command provided: 'run -m stdoud task1.yml'
2023-03-28T16:32:37.698355+00:00 DEBUG 'ansible_navigator.main' EE support enabled: using current working directory for 'ansible.cfg'
2023-03-28T16:32:37.698378+00:00 INFO 'ansible_navigator.main' EE support enabled: found 'ansible.cfg' in current working directory.
2023-03-28T16:32:37.698400+00:00 DEBUG 'ansible_navigator.main' Completed post processing for ansible_runner_artifact_dir. (changed=False)
2023-03-28T16:32:37.698422+00:00 DEBUG 'ansible_navigator.main' Completed post processing for ansible_runner_rotate_artifacts_count. (changed=False)
2023-03-28T16:32:37.698444+00:00 DEBUG 'ansible_navigator.main' Completed post processing for ansible_runner_timeout. (changed=False)
2023-03-28T16:32:37.698467+00:00 DEBUG 'ansible_navigator.main' Completed post processing for cmdline. (changed=False)
2023-03-28T16:32:37.698489+00:00 DEBUG 'ansible_navigator.main' Completed post processing for collection_doc_cache_path. (changed=False)
2023-03-28T16:32:37.698520+00:00 DEBUG 'ansible_navigator.main' Completed post processing for container_engine. (changed=True)
2023-03-28T16:32:37.698556+00:00 DEBUG 'ansible_navigator.main'  before: 'auto'
2023-03-28T16:32:37.698584+00:00 DEBUG 'ansible_navigator.main'  after: 'podman'
2023-03-28T16:32:37.698606+00:00 DEBUG 'ansible_navigator.main' Completed post processing for container_options. (changed=False)
2023-03-28T16:32:37.698629+00:00 DEBUG 'ansible_navigator.main' Completed post processing for display_color. (changed=False)
2023-03-28T16:32:37.698651+00:00 DEBUG 'ansible_navigator.main' Completed post processing for execution_environment. (changed=False)
2023-03-28T16:32:37.698673+00:00 DEBUG 'ansible_navigator.main' Completed post processing for execution_environment_image. (changed=False)
2023-03-28T16:32:37.698695+00:00 DEBUG 'ansible_navigator.main' Completed post processing for help_builder. (changed=False)
2023-03-28T16:32:37.698718+00:00 DEBUG 'ansible_navigator.main' Completed post processing for help_config. (changed=False)
2023-03-28T16:32:37.698740+00:00 DEBUG 'ansible_navigator.main' Completed post processing for help_doc. (changed=False)
2023-03-28T16:32:37.698762+00:00 DEBUG 'ansible_navigator.main' Completed post processing for help_inventory. (changed=False)
2023-03-28T16:32:37.698784+00:00 DEBUG 'ansible_navigator.main' Completed post processing for help_playbook. (changed=False)
2023-03-28T16:32:37.698806+00:00 DEBUG 'ansible_navigator.main' Completed post processing for images_details. (changed=False)
2023-03-28T16:32:37.698828+00:00 DEBUG 'ansible_navigator.main' Completed post processing for inventory. (changed=True)
2023-03-28T16:32:37.698851+00:00 DEBUG 'ansible_navigator.main'  before: 'Not set'
2023-03-28T16:32:37.698873+00:00 DEBUG 'ansible_navigator.main'  after: '['/home/student/HRM/HRM/inventory']'
2023-03-28T16:32:37.698895+00:00 DEBUG 'ansible_navigator.main' Completed post processing for inventory_column. (changed=False)
2023-03-28T16:32:37.698917+00:00 DEBUG 'ansible_navigator.main' Completed post processing for log_file. (changed=False)
2023-03-28T16:32:37.698939+00:00 DEBUG 'ansible_navigator.main' Completed post processing for pass_environment_variable. (changed=False)
2023-03-28T16:32:37.698962+00:00 DEBUG 'ansible_navigator.main' Completed post processing for playbook. (changed=True)
2023-03-28T16:32:37.698984+00:00 DEBUG 'ansible_navigator.main'  before: 'task1.yml'
2023-03-28T16:32:37.699006+00:00 DEBUG 'ansible_navigator.main'  after: '/home/student/HRM/HRM/task1.yml'
2023-03-28T16:32:37.699028+00:00 DEBUG 'ansible_navigator.main' Completed post processing for playbook_artifact_replay. (changed=False)
2023-03-28T16:32:37.699059+00:00 DEBUG 'ansible_navigator.main' Completed post processing for playbook_artifact_save_as. (changed=False)
2023-03-28T16:32:37.699082+00:00 DEBUG 'ansible_navigator.main' Completed post processing for plugin_name. (changed=False)
2023-03-28T16:32:37.699104+00:00 DEBUG 'ansible_navigator.main' Completed post processing for pull_arguments. (changed=False)
2023-03-28T16:32:37.699126+00:00 DEBUG 'ansible_navigator.main' Completed post processing for set_environment_variable. (changed=False)
2023-03-28T16:32:37.699149+00:00 DEBUG 'ansible_navigator.main' Completed post processing for settings_effective. (changed=False)
2023-03-28T16:32:37.699171+00:00 DEBUG 'ansible_navigator.main' Completed post processing for settings_sample. (changed=False)
2023-03-28T16:32:37.699193+00:00 DEBUG 'ansible_navigator.main' Completed post processing for settings_schema. (changed=False)
2023-03-28T16:32:37.699216+00:00 DEBUG 'ansible_navigator.main' Completed post processing for settings_sources. (changed=False)
2023-03-28T16:32:37.699238+00:00 DEBUG 'ansible_navigator.main' Completed post processing for time_zone. (changed=False)
2023-03-28T16:32:37.699260+00:00 DEBUG 'ansible_navigator.main' Completed post processing for execution_environment_volume_mounts. (changed=False)
2023-03-28T16:32:37.699282+00:00 DEBUG 'ansible_navigator.main' Completed post processing for mode. (changed=False)
2023-03-28T16:32:37.699321+00:00 WARNING 'ansible_navigator.main' Configuration errors encountered, rolling back to previous configuration.
2023-03-28T16:32:37.699344+00:00 DEBUG 'ansible_navigator.main' Prior to rollback: ansible_runner_artifact_dir = 'Not set' (Constants/Not set)
2023-03-28T16:32:37.699366+00:00 DEBUG 'ansible_navigator.main' Prior to rollback: ansible_runner_rotate_artifacts_count = 'Not set' (Constants/Not set)
2023-03-28T16:32:37.699388+00:00 DEBUG 'ansible_navigator.main' Prior to rollback: ansible_runner_timeout = 'Not set' (Constants/Not set)
2023-03-28T16:32:37.699410+00:00 DEBUG 'ansible_navigator.main' Prior to rollback: app = 'run' (str/Command line)
2023-03-28T16:32:37.699433+00:00 DEBUG 'ansible_navigator.main' Prior to rollback: cmdline = 'Not set' (Constants/Not set)
2023-03-28T16:32:37.699455+00:00 DEBUG 'ansible_navigator.main' Prior to rollback: collection_doc_cache_path = '/root/.cache/ansible-navigator/collection_doc_cache.db' (str/Defaults)
2023-03-28T16:32:37.699477+00:00 DEBUG 'ansible_navigator.main' Prior to rollback: config = 'Not set' (Constants/Not set)
2023-03-28T16:32:37.699499+00:00 DEBUG 'ansible_navigator.main' Prior to rollback: container_engine = 'podman' (str/Automatically determined)
2023-03-28T16:32:37.699522+00:00 DEBUG 'ansible_navigator.main' Prior to rollback: container_options = 'Not set' (Constants/Not set)
2023-03-28T16:32:37.699552+00:00 DEBUG 'ansible_navigator.main' Prior to rollback: display_color = 'True' (bool/Defaults)
2023-03-28T16:32:37.699578+00:00 DEBUG 'ansible_navigator.main' Prior to rollback: editor_command = 'vi +{line_number} {filename}' (str/Defaults)
2023-03-28T16:32:37.699601+00:00 DEBUG 'ansible_navigator.main' Prior to rollback: editor_console = 'True' (bool/Defaults)
2023-03-28T16:32:37.699623+00:00 DEBUG 'ansible_navigator.main' Prior to rollback: exec_command = '/bin/bash' (str/Defaults)
2023-03-28T16:32:37.699645+00:00 DEBUG 'ansible_navigator.main' Prior to rollback: exec_shell = 'True' (bool/Defaults)
2023-03-28T16:32:37.699667+00:00 DEBUG 'ansible_navigator.main' Prior to rollback: execution_environment = 'True' (bool/Defaults)
2023-03-28T16:32:37.699690+00:00 DEBUG 'ansible_navigator.main' Prior to rollback: execution_environment_image = 'registry.redhat.io/ansible-automation-platform-22/ee-supported-rhel8:latest' (str/Defaults)
2023-03-28T16:32:37.699726+00:00 DEBUG 'ansible_navigator.main' Prior to rollback: execution_environment_volume_mounts = 'Not set' (Constants/Not set)
2023-03-28T16:32:37.699747+00:00 DEBUG 'ansible_navigator.main' Prior to rollback: help_builder = 'False' (bool/Defaults)
2023-03-28T16:32:37.699768+00:00 DEBUG 'ansible_navigator.main' Prior to rollback: help_config = 'False' (bool/Defaults)
2023-03-28T16:32:37.699789+00:00 DEBUG 'ansible_navigator.main' Prior to rollback: help_doc = 'False' (bool/Defaults)
2023-03-28T16:32:37.699810+00:00 DEBUG 'ansible_navigator.main' Prior to rollback: help_inventory = 'False' (bool/Defaults)
2023-03-28T16:32:37.699830+00:00 DEBUG 'ansible_navigator.main' Prior to rollback: help_playbook = 'False' (bool/Defaults)
2023-03-28T16:32:37.699851+00:00 DEBUG 'ansible_navigator.main' Prior to rollback: images_details = '['everything']' (list/Defaults)
2023-03-28T16:32:37.699872+00:00 DEBUG 'ansible_navigator.main' Prior to rollback: inventory = '['/home/student/HRM/HRM/inventory']' (list/Ansible configuration file)
2023-03-28T16:32:37.699893+00:00 DEBUG 'ansible_navigator.main' Prior to rollback: inventory_column = 'Not set' (Constants/Not set)
2023-03-28T16:32:37.699914+00:00 DEBUG 'ansible_navigator.main' Prior to rollback: lint_config = 'Not set' (Constants/Not set)
2023-03-28T16:32:37.699934+00:00 DEBUG 'ansible_navigator.main' Prior to rollback: lintables = 'Not set' (Constants/Not set)
2023-03-28T16:32:37.699955+00:00 DEBUG 'ansible_navigator.main' Prior to rollback: log_append = 'True' (bool/Defaults)
2023-03-28T16:32:37.699975+00:00 DEBUG 'ansible_navigator.main' Prior to rollback: log_file = '/home/student/HRM/HRM/ansible-navigator.log' (str/Defaults)
2023-03-28T16:32:37.700005+00:00 DEBUG 'ansible_navigator.main' Prior to rollback: log_level = 'warning' (str/Defaults)
2023-03-28T16:32:37.700027+00:00 DEBUG 'ansible_navigator.main' Prior to rollback: mode = 'stdoud' (str/Command line)
2023-03-28T16:32:37.700048+00:00 DEBUG 'ansible_navigator.main' Prior to rollback: osc4 = 'True' (bool/Defaults)
2023-03-28T16:32:37.700088+00:00 DEBUG 'ansible_navigator.main' Prior to rollback: pass_environment_variable = 'Not set' (Constants/Not set)
2023-03-28T16:32:37.700109+00:00 DEBUG 'ansible_navigator.main' Prior to rollback: playbook = '/home/student/HRM/HRM/task1.yml' (str/Command line)
2023-03-28T16:32:37.700130+00:00 DEBUG 'ansible_navigator.main' Prior to rollback: playbook_artifact_enable = 'True' (bool/Defaults)
2023-03-28T16:32:37.700150+00:00 DEBUG 'ansible_navigator.main' Prior to rollback: playbook_artifact_replay = 'Not set' (Constants/Not set)
2023-03-28T16:32:37.700171+00:00 DEBUG 'ansible_navigator.main' Prior to rollback: playbook_artifact_save_as = '{playbook_dir}/{playbook_name}-artifact-{time_stamp}.json' (str/Defaults)
2023-03-28T16:32:37.700192+00:00 DEBUG 'ansible_navigator.main' Prior to rollback: plugin_name = 'Not set' (Constants/Not set)
2023-03-28T16:32:37.700213+00:00 DEBUG 'ansible_navigator.main' Prior to rollback: plugin_type = 'module' (str/Defaults)
2023-03-28T16:32:37.700234+00:00 DEBUG 'ansible_navigator.main' Prior to rollback: pull_arguments = 'Not set' (Constants/Not set)
2023-03-28T16:32:37.700254+00:00 DEBUG 'ansible_navigator.main' Prior to rollback: pull_policy = 'tag' (str/Defaults)
2023-03-28T16:32:37.700275+00:00 DEBUG 'ansible_navigator.main' Prior to rollback: set_environment_variable = 'Not set' (Constants/Not set)
2023-03-28T16:32:37.700296+00:00 DEBUG 'ansible_navigator.main' Prior to rollback: settings_effective = 'False' (bool/Defaults)
2023-03-28T16:32:37.700316+00:00 DEBUG 'ansible_navigator.main' Prior to rollback: settings_sample = 'False' (bool/Defaults)
2023-03-28T16:32:37.700337+00:00 DEBUG 'ansible_navigator.main' Prior to rollback: settings_schema = 'json' (str/Defaults)
2023-03-28T16:32:37.700377+00:00 DEBUG 'ansible_navigator.main' Prior to rollback: settings_sources = 'False' (bool/Defaults)
2023-03-28T16:32:37.700399+00:00 DEBUG 'ansible_navigator.main' Prior to rollback: time_zone = 'UTC' (str/Defaults)
2023-03-28T16:32:37.700421+00:00 DEBUG 'ansible_navigator.main' Prior to rollback: workdir = '/home/student/HRM/HRM' (str/Defaults)
2023-03-28T16:32:37.700443+00:00 DEBUG 'ansible_navigator.main' After rollback: ansible_runner_artifact_dir = 'Not set' (Constants/Not set)
2023-03-28T16:32:37.700465+00:00 DEBUG 'ansible_navigator.main' After rollback: ansible_runner_rotate_artifacts_count = 'Not set' (Constants/Not set)
2023-03-28T16:32:37.700487+00:00 DEBUG 'ansible_navigator.main' After rollback: ansible_runner_timeout = 'Not set' (Constants/Not set)
2023-03-28T16:32:37.700509+00:00 DEBUG 'ansible_navigator.main' After rollback: app = 'Not set' (Constants/Not set)
2023-03-28T16:32:37.700531+00:00 DEBUG 'ansible_navigator.main' After rollback: cmdline = 'Not set' (Constants/Not set)
2023-03-28T16:32:37.700553+00:00 DEBUG 'ansible_navigator.main' After rollback: collection_doc_cache_path = 'Not set' (Constants/Not set)
2023-03-28T16:32:37.700586+00:00 DEBUG 'ansible_navigator.main' After rollback: config = 'Not set' (Constants/Not set)
2023-03-28T16:32:37.700608+00:00 DEBUG 'ansible_navigator.main' After rollback: container_engine = 'Not set' (Constants/Not set)
2023-03-28T16:32:37.700630+00:00 DEBUG 'ansible_navigator.main' After rollback: container_options = 'Not set' (Constants/Not set)
2023-03-28T16:32:37.700652+00:00 DEBUG 'ansible_navigator.main' After rollback: display_color = 'Not set' (Constants/Not set)
2023-03-28T16:32:37.700675+00:00 DEBUG 'ansible_navigator.main' After rollback: editor_command = 'Not set' (Constants/Not set)
2023-03-28T16:32:37.700696+00:00 DEBUG 'ansible_navigator.main' After rollback: editor_console = 'Not set' (Constants/Not set)
2023-03-28T16:32:37.700728+00:00 DEBUG 'ansible_navigator.main' After rollback: exec_command = 'Not set' (Constants/Not set)
2023-03-28T16:32:37.700751+00:00 DEBUG 'ansible_navigator.main' After rollback: exec_shell = 'Not set' (Constants/Not set)
2023-03-28T16:32:37.700773+00:00 DEBUG 'ansible_navigator.main' After rollback: execution_environment = 'Not set' (Constants/Not set)
2023-03-28T16:32:37.700808+00:00 DEBUG 'ansible_navigator.main' After rollback: execution_environment_image = 'Not set' (Constants/Not set)
2023-03-28T16:32:37.700829+00:00 DEBUG 'ansible_navigator.main' After rollback: execution_environment_volume_mounts = 'Not set' (Constants/Not set)
2023-03-28T16:32:37.700849+00:00 DEBUG 'ansible_navigator.main' After rollback: help_builder = 'Not set' (Constants/Not set)
2023-03-28T16:32:37.700871+00:00 DEBUG 'ansible_navigator.main' After rollback: help_config = 'Not set' (Constants/Not set)
2023-03-28T16:32:37.700891+00:00 DEBUG 'ansible_navigator.main' After rollback: help_doc = 'Not set' (Constants/Not set)
2023-03-28T16:32:37.700931+00:00 DEBUG 'ansible_navigator.main' After rollback: help_inventory = 'Not set' (Constants/Not set)
2023-03-28T16:32:37.700953+00:00 DEBUG 'ansible_navigator.main' After rollback: help_playbook = 'Not set' (Constants/Not set)
2023-03-28T16:32:37.700975+00:00 DEBUG 'ansible_navigator.main' After rollback: images_details = 'Not set' (Constants/Not set)
2023-03-28T16:32:37.700997+00:00 DEBUG 'ansible_navigator.main' After rollback: inventory = 'Not set' (Constants/Not set)
2023-03-28T16:32:37.701019+00:00 DEBUG 'ansible_navigator.main' After rollback: inventory_column = 'Not set' (Constants/Not set)
2023-03-28T16:32:37.701040+00:00 DEBUG 'ansible_navigator.main' After rollback: lint_config = 'Not set' (Constants/Not set)
2023-03-28T16:32:37.701073+00:00 DEBUG 'ansible_navigator.main' After rollback: lintables = 'Not set' (Constants/Not set)
2023-03-28T16:32:37.701094+00:00 DEBUG 'ansible_navigator.main' After rollback: log_append = 'Not set' (Constants/Not set)
2023-03-28T16:32:37.701116+00:00 DEBUG 'ansible_navigator.main' After rollback: log_file = 'Not set' (Constants/Not set)
2023-03-28T16:32:37.701138+00:00 DEBUG 'ansible_navigator.main' After rollback: log_level = 'Not set' (Constants/Not set)
2023-03-28T16:32:37.701159+00:00 DEBUG 'ansible_navigator.main' After rollback: mode = 'Not set' (Constants/Not set)
2023-03-28T16:32:37.701181+00:00 DEBUG 'ansible_navigator.main' After rollback: osc4 = 'Not set' (Constants/Not set)
2023-03-28T16:32:37.701202+00:00 DEBUG 'ansible_navigator.main' After rollback: pass_environment_variable = 'Not set' (Constants/Not set)
2023-03-28T16:32:37.701224+00:00 DEBUG 'ansible_navigator.main' After rollback: playbook = 'Not set' (Constants/Not set)
2023-03-28T16:32:37.701246+00:00 DEBUG 'ansible_navigator.main' After rollback: playbook_artifact_enable = 'Not set' (Constants/Not set)
2023-03-28T16:32:37.701268+00:00 DEBUG 'ansible_navigator.main' After rollback: playbook_artifact_replay = 'Not set' (Constants/Not set)
2023-03-28T16:32:37.701289+00:00 DEBUG 'ansible_navigator.main' After rollback: playbook_artifact_save_as = 'Not set' (Constants/Not set)
2023-03-28T16:32:37.701311+00:00 DEBUG 'ansible_navigator.main' After rollback: plugin_name = 'Not set' (Constants/Not set)
2023-03-28T16:32:37.701333+00:00 DEBUG 'ansible_navigator.main' After rollback: plugin_type = 'Not set' (Constants/Not set)
2023-03-28T16:32:37.701355+00:00 DEBUG 'ansible_navigator.main' After rollback: pull_arguments = 'Not set' (Constants/Not set)
2023-03-28T16:32:37.701376+00:00 DEBUG 'ansible_navigator.main' After rollback: pull_policy = 'Not set' (Constants/Not set)
2023-03-28T16:32:37.701398+00:00 DEBUG 'ansible_navigator.main' After rollback: set_environment_variable = 'Not set' (Constants/Not set)
2023-03-28T16:32:37.701420+00:00 DEBUG 'ansible_navigator.main' After rollback: settings_effective = 'Not set' (Constants/Not set)
2023-03-28T16:32:37.701442+00:00 DEBUG 'ansible_navigator.main' After rollback: settings_sample = 'Not set' (Constants/Not set)
2023-03-28T16:32:37.701472+00:00 DEBUG 'ansible_navigator.main' After rollback: settings_schema = 'Not set' (Constants/Not set)
2023-03-28T16:32:37.701494+00:00 DEBUG 'ansible_navigator.main' After rollback: settings_sources = 'Not set' (Constants/Not set)
2023-03-28T16:32:37.701516+00:00 DEBUG 'ansible_navigator.main' After rollback: time_zone = 'Not set' (Constants/Not set)
2023-03-28T16:32:37.701538+00:00 DEBUG 'ansible_navigator.main' After rollback: workdir = 'Not set' (Constants/Not set)
2023-03-28T16:32:37.701570+00:00 DEBUG 'ansible_navigator.main' Configuration rollback complete.
2023-03-28T16:32:37.701593+00:00 DEBUG 'ansible_navigator.main' Collection doc cache not mounted
2023-03-28T16:32:37.701632+00:00 WARNING 'ansible_navigator.main' Issues were found while applying the settings.
2023-03-28T16:32:37.701658+00:00 INFO 'ansible_navigator.main' Command provided: 'run -m stdoud task1.yml'
2023-03-28T16:32:37.701685+00:00 ERROR 'ansible_navigator.main' The setting 'mode' must be one of 'stdout' or 'interactive', but set as 'stdoud'. (Command line)
2023-03-28T16:32:37.701711+00:00 INFO 'ansible_navigator.main' Try again with '-m stdout' or '-m interactive'
2023-03-28T16:32:37.701736+00:00 INFO 'ansible_navigator.main' Configuration failed, using default log file location. (/home/student/HRM/HRM/ansible-navigator.log) Log level set to debug
2023-03-28T16:32:37.701761+00:00 INFO 'ansible_navigator.main' Review the hints and log file to see what went wrong.
2023-03-28T16:32:47.991597+00:00 WARNING 'ansible_navigator.image_manager.puller._log_message' Image inspection failed, image assumed to be corrupted or missing
2023-03-28T16:32:49.454883+00:00 ERROR 'ansible_navigator.image_manager.puller._log_message' Execution environment pull failed
2023-03-28T16:34:31.635125+00:00 WARNING 'ansible_navigator.image_manager.puller._log_message' Image inspection failed, image assumed to be corrupted or missing
2023-03-28T16:34:31.813776+00:00 ERROR 'ansible_navigator.image_manager.puller._log_message' Execution environment pull failed
2023-03-28T16:35:06.357650+00:00 CRITICAL 'ansible_navigator.actions.run_playbook._handle_message' Unhandled message from runner queue, discarded: {'event': 'verbose', 'uuid': '3c10b0db-a0b1-4d86-9705-7020ed3ec166', 'counter': 1, 'stdout': '\x1b[0;31mERROR! conflicting action statements: ansible.posix.firewalld, permanent\x1b[0m', 'start_line': 0, 'end_line': 1, 'runner_ident': '4bf5efc0-78ac-4233-afe0-6691590ba300', 'created': '2023-03-28T16:35:06.349485'}
2023-03-28T16:35:06.358747+00:00 CRITICAL 'ansible_navigator.actions.run_playbook._handle_message' Unhandled message from runner queue, discarded: {'event': 'verbose', 'uuid': 'b92c7cf1-140a-4229-8d43-06f8ea848b5c', 'counter': 2, 'stdout': '\x1b[0;31m\x1b[0m', 'start_line': 1, 'end_line': 2, 'runner_ident': '4bf5efc0-78ac-4233-afe0-6691590ba300', 'created': '2023-03-28T16:35:06.350012'}
2023-03-28T16:35:06.358889+00:00 CRITICAL 'ansible_navigator.actions.run_playbook._handle_message' Unhandled message from runner queue, discarded: {'event': 'verbose', 'uuid': '6c187a16-ef82-4609-8cf3-7af9644fe870', 'counter': 3, 'stdout': "\x1b[0;31mThe error appears to be in '/home/student/HRM/HRM/roles/Prictice1/tasks/main.yml': line 27, column 3, but may\x1b[0m", 'start_line': 2, 'end_line': 3, 'runner_ident': '4bf5efc0-78ac-4233-afe0-6691590ba300', 'created': '2023-03-28T16:35:06.350099'}
2023-03-28T16:35:06.358977+00:00 CRITICAL 'ansible_navigator.actions.run_playbook._handle_message' Unhandled message from runner queue, discarded: {'event': 'verbose', 'uuid': '2fb5315f-901d-4a3d-a5c0-8ea3b23dccc3', 'counter': 4, 'stdout': '\x1b[0;31mbe elsewhere in the file depending on the exact syntax problem.\x1b[0m', 'start_line': 3, 'end_line': 4, 'runner_ident': '4bf5efc0-78ac-4233-afe0-6691590ba300', 'created': '2023-03-28T16:35:06.350146'}
2023-03-28T16:35:06.359079+00:00 CRITICAL 'ansible_navigator.actions.run_playbook._handle_message' Unhandled message from runner queue, discarded: {'event': 'verbose', 'uuid': '2f9467dd-c525-4372-bea6-c9ec8c21f038', 'counter': 5, 'stdout': '\x1b[0;31m\x1b[0m', 'start_line': 4, 'end_line': 5, 'runner_ident': '4bf5efc0-78ac-4233-afe0-6691590ba300', 'created': '2023-03-28T16:35:06.350187'}
2023-03-28T16:35:06.359169+00:00 CRITICAL 'ansible_navigator.actions.run_playbook._handle_message' Unhandled message from runner queue, discarded: {'event': 'verbose', 'uuid': '2df52371-b935-4d22-9858-64ce668c4b33', 'counter': 6, 'stdout': '\x1b[0;31mThe offending line appears to be:\x1b[0m', 'start_line': 5, 'end_line': 6, 'runner_ident': '4bf5efc0-78ac-4233-afe0-6691590ba300', 'created': '2023-03-28T16:35:06.350226'}
2023-03-28T16:35:06.359241+00:00 CRITICAL 'ansible_navigator.actions.run_playbook._handle_message' Unhandled message from runner queue, discarded: {'event': 'verbose', 'uuid': 'be3a8106-d4a8-4824-94cc-7d5c51279dde', 'counter': 7, 'stdout': '\x1b[0;31m\x1b[0m', 'start_line': 6, 'end_line': 7, 'runner_ident': '4bf5efc0-78ac-4233-afe0-6691590ba300', 'created': '2023-03-28T16:35:06.350264'}
2023-03-28T16:35:06.359311+00:00 CRITICAL 'ansible_navigator.actions.run_playbook._handle_message' Unhandled message from runner queue, discarded: {'event': 'verbose', 'uuid': 'c9578d0e-fb78-47c5-a455-1658f400c8d4', 'counter': 8, 'stdout': '\x1b[0;31m\x1b[0m', 'start_line': 7, 'end_line': 8, 'runner_ident': '4bf5efc0-78ac-4233-afe0-6691590ba300', 'created': '2023-03-28T16:35:06.350302'}
2023-03-28T16:35:06.359381+00:00 CRITICAL 'ansible_navigator.actions.run_playbook._handle_message' Unhandled message from runner queue, discarded: {'event': 'verbose', 'uuid': '2e9ec568-3a68-4fec-ab11-c6507b9e3922', 'counter': 9, 'stdout': '\x1b[0;31m- name: Add port to firewall\x1b[0m', 'start_line': 8, 'end_line': 9, 'runner_ident': '4bf5efc0-78ac-4233-afe0-6691590ba300', 'created': '2023-03-28T16:35:06.350345'}
2023-03-28T16:35:06.359455+00:00 CRITICAL 'ansible_navigator.actions.run_playbook._handle_message' Unhandled message from runner queue, discarded: {'event': 'verbose', 'uuid': 'ac1db200-ef4b-4663-aae0-3805ff1f0e1b', 'counter': 10, 'stdout': '\x1b[0;31m  ^ here\x1b[0m', 'start_line': 9, 'end_line': 10, 'runner_ident': '4bf5efc0-78ac-4233-afe0-6691590ba300', 'created': '2023-03-28T16:35:06.350381'}
2023-03-28T16:35:06.727774+00:00 ERROR 'ansible_navigator.actions.run_playbook.write_artifact' Saving the artifact file failed, resulted in the following error: f[Errno 13] Permission denied: '/home/student/HRM/HRM/task1-artifact-2023-03-28T16:35:06.725761+00:00.json'
2023-03-28T16:37:17.846123+00:00 ERROR 'ansible_navigator.actions.run_playbook.write_artifact' Saving the artifact file failed, resulted in the following error: f[Errno 13] Permission denied: '/home/student/HRM/HRM/task1-artifact-2023-03-28T16:37:17.843514+00:00.json'
2023-03-28T16:51:47.285196+00:00 ERROR 'ansible_navigator.actions.run_playbook.write_artifact' Saving the artifact file failed, resulted in the following error: f[Errno 13] Permission denied: '/home/student/HRM/HRM/task1-artifact-2023-03-28T16:51:47.283435+00:00.json'
2023-03-28T16:53:25.720305+00:00 ERROR 'ansible_navigator.actions.run_playbook.write_artifact' Saving the artifact file failed, resulted in the following error: f[Errno 13] Permission denied: '/home/student/HRM/HRM/task1-artifact-2023-03-28T16:53:25.718713+00:00.json'
2023-03-28T16:58:00.280237+00:00 ERROR 'ansible_navigator.actions.run_playbook.write_artifact' Saving the artifact file failed, resulted in the following error: f[Errno 13] Permission denied: '/home/student/HRM/HRM/task1-artifact-2023-03-28T16:58:00.278381+00:00.json'
2023-03-28T17:01:43.918875+00:00 ERROR 'ansible_navigator.actions.run_playbook.write_artifact' Saving the artifact file failed, resulted in the following error: f[Errno 13] Permission denied: '/home/student/HRM/HRM/task1-artifact-2023-03-28T17:01:43.916996+00:00.json'
2023-03-28T17:08:43.562045+00:00 ERROR 'ansible_navigator.actions.run_playbook.write_artifact' Saving the artifact file failed, resulted in the following error: f[Errno 13] Permission denied: '/home/student/HRM/HRM/task1-artifact-2023-03-28T17:08:43.559984+00:00.json'
2023-03-28T17:10:09.006770+00:00 ERROR 'ansible_navigator.actions.run_playbook.write_artifact' Saving the artifact file failed, resulted in the following error: f[Errno 13] Permission denied: '/home/student/HRM/HRM/task1-artifact-2023-03-28T17:10:09.005138+00:00.json'
2023-03-28T17:13:08.885942+00:00 ERROR 'ansible_navigator.actions.run_playbook.write_artifact' Saving the artifact file failed, resulted in the following error: f[Errno 13] Permission denied: '/home/student/HRM/HRM/task1-artifact-2023-03-28T17:13:08.884204+00:00.json'
2023-03-28T17:18:04.880236+00:00 ERROR 'ansible_navigator.actions.run_playbook.write_artifact' Saving the artifact file failed, resulted in the following error: f[Errno 13] Permission denied: '/home/student/HRM/HRM/task1-artifact-2023-03-28T17:18:04.878298+00:00.json'
2023-03-28T17:24:40.813609+00:00 ERROR 'ansible_navigator.actions.run_playbook.write_artifact' Saving the artifact file failed, resulted in the following error: f[Errno 13] Permission denied: '/home/student/HRM/HRM/task1-artifact-2023-03-28T17:24:40.812026+00:00.json'
2023-03-28T17:25:14.827828+00:00 ERROR 'ansible_navigator.actions.run_playbook.write_artifact' Saving the artifact file failed, resulted in the following error: f[Errno 13] Permission denied: '/home/student/HRM/HRM/task1-artifact-2023-03-28T17:25:14.826021+00:00.json'
2023-03-28T17:27:53.165275+00:00 CRITICAL 'ansible_navigator.actions.run_playbook._handle_message' Unhandled message from runner queue, discarded: {'event': 'verbose', 'uuid': '2dae1534-499c-4711-bb29-1497a12922a4', 'counter': 1, 'stdout': '\x1b[1;35m[WARNING]: While constructing a mapping from\x1b[0m', 'start_line': 0, 'end_line': 1, 'runner_ident': '636a84b6-3df0-47a4-b85b-48f3eff88ed6', 'created': '2023-03-28T17:27:53.156639'}
2023-03-28T17:27:53.165980+00:00 CRITICAL 'ansible_navigator.actions.run_playbook._handle_message' Unhandled message from runner queue, discarded: {'event': 'verbose', 'uuid': '628ff07c-5631-4904-9c7f-db59a892a64f', 'counter': 2, 'stdout': '\x1b[1;35m/home/student/HRM/HRM/roles/Prictice1/tasks/main.yml, line 38, column 4, found\x1b[0m', 'start_line': 1, 'end_line': 2, 'runner_ident': '636a84b6-3df0-47a4-b85b-48f3eff88ed6', 'created': '2023-03-28T17:27:53.156979'}
2023-03-28T17:27:53.166073+00:00 CRITICAL 'ansible_navigator.actions.run_playbook._handle_message' Unhandled message from runner queue, discarded: {'event': 'verbose', 'uuid': 'a9ff23d2-e8cd-456a-8590-aae2806b8813', 'counter': 3, 'stdout': '\x1b[1;35ma duplicate dict key (setype). Using last defined value only.\x1b[0m', 'start_line': 2, 'end_line': 3, 'runner_ident': '636a84b6-3df0-47a4-b85b-48f3eff88ed6', 'created': '2023-03-28T17:27:53.157072'}
2023-03-28T17:27:58.325753+00:00 ERROR 'ansible_navigator.actions.run_playbook.write_artifact' Saving the artifact file failed, resulted in the following error: f[Errno 13] Permission denied: '/home/student/HRM/HRM/task1-artifact-2023-03-28T17:27:58.323708+00:00.json'
2023-03-28T17:28:23.125020+00:00 CRITICAL 'ansible_navigator.actions.run_playbook._handle_message' Unhandled message from runner queue, discarded: {'event': 'verbose', 'uuid': 'b870b6d5-6468-42c2-a42a-b9701b9f3235', 'counter': 1, 'stdout': '\x1b[1;35m[WARNING]: While constructing a mapping from\x1b[0m', 'start_line': 0, 'end_line': 1, 'runner_ident': 'e80d3b5c-9ec9-4ff4-a116-a6067a660f18', 'created': '2023-03-28T17:28:23.116222'}
2023-03-28T17:28:23.125595+00:00 CRITICAL 'ansible_navigator.actions.run_playbook._handle_message' Unhandled message from runner queue, discarded: {'event': 'verbose', 'uuid': '94b8088c-7180-4012-9dd8-26db0ab73a00', 'counter': 2, 'stdout': '\x1b[1;35m/home/student/HRM/HRM/roles/Prictice1/tasks/main.yml, line 38, column 4, found\x1b[0m', 'start_line': 1, 'end_line': 2, 'runner_ident': 'e80d3b5c-9ec9-4ff4-a116-a6067a660f18', 'created': '2023-03-28T17:28:23.116441'}
2023-03-28T17:28:23.125685+00:00 CRITICAL 'ansible_navigator.actions.run_playbook._handle_message' Unhandled message from runner queue, discarded: {'event': 'verbose', 'uuid': 'cf479f1c-da8a-40bf-8433-ca5e8782c330', 'counter': 3, 'stdout': '\x1b[1;35ma duplicate dict key (setype). Using last defined value only.\x1b[0m', 'start_line': 2, 'end_line': 3, 'runner_ident': 'e80d3b5c-9ec9-4ff4-a116-a6067a660f18', 'created': '2023-03-28T17:28:23.116515'}
2023-03-28T17:28:28.561070+00:00 ERROR 'ansible_navigator.actions.run_playbook.write_artifact' Saving the artifact file failed, resulted in the following error: f[Errno 13] Permission denied: '/home/student/HRM/HRM/task1-artifact-2023-03-28T17:28:28.559450+00:00.json'
2023-03-28T17:38:27.475733+00:00 CRITICAL 'ansible_navigator.actions.run_playbook._handle_message' Unhandled message from runner queue, discarded: {'event': 'verbose', 'uuid': '5b2617a9-4f0f-41a1-be73-82a0d2804381', 'counter': 1, 'stdout': '\x1b[1;35m[WARNING]: While constructing a mapping from\x1b[0m', 'start_line': 0, 'end_line': 1, 'runner_ident': '215a473b-f0f0-46f2-954e-fee7eb95e8bd', 'created': '2023-03-28T17:38:27.468135'}
2023-03-28T17:38:27.476376+00:00 CRITICAL 'ansible_navigator.actions.run_playbook._handle_message' Unhandled message from runner queue, discarded: {'event': 'verbose', 'uuid': '0706253c-a8be-4b9a-b4bc-550dd6af1175', 'counter': 2, 'stdout': '\x1b[1;35m/home/student/HRM/HRM/roles/Prictice1/tasks/main.yml, line 38, column 4, found\x1b[0m', 'start_line': 1, 'end_line': 2, 'runner_ident': '215a473b-f0f0-46f2-954e-fee7eb95e8bd', 'created': '2023-03-28T17:38:27.468484'}
2023-03-28T17:38:27.476482+00:00 CRITICAL 'ansible_navigator.actions.run_playbook._handle_message' Unhandled message from runner queue, discarded: {'event': 'verbose', 'uuid': 'a43d412c-2d15-4ea1-a517-771692803bd2', 'counter': 3, 'stdout': '\x1b[1;35ma duplicate dict key (setype). Using last defined value only.\x1b[0m', 'start_line': 2, 'end_line': 3, 'runner_ident': '215a473b-f0f0-46f2-954e-fee7eb95e8bd', 'created': '2023-03-28T17:38:27.468553'}
2023-03-28T17:38:33.008643+00:00 ERROR 'ansible_navigator.actions.run_playbook.write_artifact' Saving the artifact file failed, resulted in the following error: f[Errno 13] Permission denied: '/home/student/HRM/HRM/task1-artifact-2023-03-28T17:38:33.006679+00:00.json'
2023-03-28T17:51:48.512178+00:00 CRITICAL 'ansible_navigator.actions.run_playbook._handle_message' Unhandled message from runner queue, discarded: {'event': 'verbose', 'uuid': '2a64dcf8-1492-442d-96b0-1cf52559eba2', 'counter': 1, 'stdout': "\x1b[0;31mERROR! couldn't resolve module/action 'community.general.seport'. This often indicates a misspelling, missing collection, or incorrect module path.\x1b[0m", 'start_line': 0, 'end_line': 1, 'runner_ident': '158cb5f7-670c-469c-b8dc-910d0ab57311', 'created': '2023-03-28T17:51:48.511269'}
2023-03-28T17:51:48.513165+00:00 CRITICAL 'ansible_navigator.actions.run_playbook._handle_message' Unhandled message from runner queue, discarded: {'event': 'verbose', 'uuid': '48ebf882-2e40-4ce7-b6a6-a21b17c8b207', 'counter': 2, 'stdout': '\x1b[0;31m\x1b[0m', 'start_line': 1, 'end_line': 2, 'runner_ident': '158cb5f7-670c-469c-b8dc-910d0ab57311', 'created': '2023-03-28T17:51:48.511636'}
2023-03-28T17:51:48.513399+00:00 CRITICAL 'ansible_navigator.actions.run_playbook._handle_message' Unhandled message from runner queue, discarded: {'event': 'verbose', 'uuid': 'a21154b4-2143-4892-840c-8ca813c0612d', 'counter': 3, 'stdout': "\x1b[0;31mThe error appears to be in '/home/student/HRM/HRM/roles/Prictice1/tasks/main.yml': line 36, column 3, but may\x1b[0m", 'start_line': 2, 'end_line': 3, 'runner_ident': '158cb5f7-670c-469c-b8dc-910d0ab57311', 'created': '2023-03-28T17:51:48.511735'}
2023-03-28T17:51:48.513590+00:00 CRITICAL 'ansible_navigator.actions.run_playbook._handle_message' Unhandled message from runner queue, discarded: {'event': 'verbose', 'uuid': 'c9708caa-3ac0-48aa-8c7d-69972c6a8372', 'counter': 4, 'stdout': '\x1b[0;31mbe elsewhere in the file depending on the exact syntax problem.\x1b[0m', 'start_line': 3, 'end_line': 4, 'runner_ident': '158cb5f7-670c-469c-b8dc-910d0ab57311', 'created': '2023-03-28T17:51:48.512022'}
2023-03-28T17:51:48.513665+00:00 CRITICAL 'ansible_navigator.actions.run_playbook._handle_message' Unhandled message from runner queue, discarded: {'event': 'verbose', 'uuid': '41fd9c5b-91f3-4657-8eb5-f07f2250422f', 'counter': 5, 'stdout': '\x1b[0;31m\x1b[0m', 'start_line': 4, 'end_line': 5, 'runner_ident': '158cb5f7-670c-469c-b8dc-910d0ab57311', 'created': '2023-03-28T17:51:48.512501'}
2023-03-28T17:51:48.513740+00:00 CRITICAL 'ansible_navigator.actions.run_playbook._handle_message' Unhandled message from runner queue, discarded: {'event': 'verbose', 'uuid': 'e26f89b4-e5b4-4df6-8e57-daaafba1be34', 'counter': 6, 'stdout': '\x1b[0;31mThe offending line appears to be:\x1b[0m', 'start_line': 5, 'end_line': 6, 'runner_ident': '158cb5f7-670c-469c-b8dc-910d0ab57311', 'created': '2023-03-28T17:51:48.512609'}
2023-03-28T17:51:48.513855+00:00 CRITICAL 'ansible_navigator.actions.run_playbook._handle_message' Unhandled message from runner queue, discarded: {'event': 'verbose', 'uuid': '1cfa615f-006e-484c-a871-abca364e965c', 'counter': 7, 'stdout': '\x1b[0;31m\x1b[0m', 'start_line': 6, 'end_line': 7, 'runner_ident': '158cb5f7-670c-469c-b8dc-910d0ab57311', 'created': '2023-03-28T17:51:48.512947'}
2023-03-28T17:51:48.513920+00:00 CRITICAL 'ansible_navigator.actions.run_playbook._handle_message' Unhandled message from runner queue, discarded: {'event': 'verbose', 'uuid': '2566cece-fde7-4e15-bbae-f95cba69d7f0', 'counter': 8, 'stdout': '\x1b[0;31m\x1b[0m', 'start_line': 7, 'end_line': 8, 'runner_ident': '158cb5f7-670c-469c-b8dc-910d0ab57311', 'created': '2023-03-28T17:51:48.513107'}
2023-03-28T17:51:48.513992+00:00 CRITICAL 'ansible_navigator.actions.run_playbook._handle_message' Unhandled message from runner queue, discarded: {'event': 'verbose', 'uuid': '66eb6dc3-2fe6-4884-8d57-393bdeb02f75', 'counter': 9, 'stdout': '\x1b[0;31m- name: Setting Selinux\x1b[0m', 'start_line': 8, 'end_line': 9, 'runner_ident': '158cb5f7-670c-469c-b8dc-910d0ab57311', 'created': '2023-03-28T17:51:48.513319'}
2023-03-28T17:51:48.514046+00:00 CRITICAL 'ansible_navigator.actions.run_playbook._handle_message' Unhandled message from runner queue, discarded: {'event': 'verbose', 'uuid': 'a9fddd72-1c99-4918-a233-5e4ca7e3ad4a', 'counter': 10, 'stdout': '\x1b[0;31m  ^ here\x1b[0m', 'start_line': 9, 'end_line': 10, 'runner_ident': '158cb5f7-670c-469c-b8dc-910d0ab57311', 'created': '2023-03-28T17:51:48.513467'}
2023-03-28T17:51:48.900903+00:00 ERROR 'ansible_navigator.actions.run_playbook.write_artifact' Saving the artifact file failed, resulted in the following error: f[Errno 13] Permission denied: '/home/student/HRM/HRM/task1-artifact-2023-03-28T17:51:48.899095+00:00.json'
2023-03-28T17:54:17.185218+00:00 CRITICAL 'ansible_navigator.actions.run_playbook._handle_message' Unhandled message from runner queue, discarded: {'event': 'verbose', 'uuid': '945c66a8-35e3-405e-a144-031d0464a41c', 'counter': 1, 'stdout': "\x1b[0;31mERROR! couldn't resolve module/action 'community.general.seport'. This often indicates a misspelling, missing collection, or incorrect module path.\x1b[0m", 'start_line': 0, 'end_line': 1, 'runner_ident': '69b0635e-e3f8-49df-8085-80f2a0c1717e', 'created': '2023-03-28T17:54:17.175282'}
2023-03-28T17:54:17.185866+00:00 CRITICAL 'ansible_navigator.actions.run_playbook._handle_message' Unhandled message from runner queue, discarded: {'event': 'verbose', 'uuid': 'b1cc1990-4308-4933-8693-09bc730e585a', 'counter': 2, 'stdout': '\x1b[0;31m\x1b[0m', 'start_line': 1, 'end_line': 2, 'runner_ident': '69b0635e-e3f8-49df-8085-80f2a0c1717e', 'created': '2023-03-28T17:54:17.175543'}
2023-03-28T17:54:17.185978+00:00 CRITICAL 'ansible_navigator.actions.run_playbook._handle_message' Unhandled message from runner queue, discarded: {'event': 'verbose', 'uuid': '098ad15d-f4cb-4597-a5a6-020d47da1de8', 'counter': 3, 'stdout': "\x1b[0;31mThe error appears to be in '/home/student/HRM/HRM/roles/Prictice1/tasks/main.yml': line 36, column 3, but may\x1b[0m", 'start_line': 2, 'end_line': 3, 'runner_ident': '69b0635e-e3f8-49df-8085-80f2a0c1717e', 'created': '2023-03-28T17:54:17.175609'}
2023-03-28T17:54:17.186072+00:00 CRITICAL 'ansible_navigator.actions.run_playbook._handle_message' Unhandled message from runner queue, discarded: {'event': 'verbose', 'uuid': 'bc78077c-454c-4412-87d0-f8894b8e6e2f', 'counter': 4, 'stdout': '\x1b[0;31mbe elsewhere in the file depending on the exact syntax problem.\x1b[0m', 'start_line': 3, 'end_line': 4, 'runner_ident': '69b0635e-e3f8-49df-8085-80f2a0c1717e', 'created': '2023-03-28T17:54:17.175657'}
2023-03-28T17:54:17.186144+00:00 CRITICAL 'ansible_navigator.actions.run_playbook._handle_message' Unhandled message from runner queue, discarded: {'event': 'verbose', 'uuid': '5560c717-2e3e-44bf-874d-84d4e1bb1678', 'counter': 5, 'stdout': '\x1b[0;31m\x1b[0m', 'start_line': 4, 'end_line': 5, 'runner_ident': '69b0635e-e3f8-49df-8085-80f2a0c1717e', 'created': '2023-03-28T17:54:17.175727'}
2023-03-28T17:54:17.186276+00:00 CRITICAL 'ansible_navigator.actions.run_playbook._handle_message' Unhandled message from runner queue, discarded: {'event': 'verbose', 'uuid': 'ce65c207-a99c-4b30-b617-ae221857f56c', 'counter': 6, 'stdout': '\x1b[0;31mThe offending line appears to be:\x1b[0m', 'start_line': 5, 'end_line': 6, 'runner_ident': '69b0635e-e3f8-49df-8085-80f2a0c1717e', 'created': '2023-03-28T17:54:17.175770'}
2023-03-28T17:54:17.186392+00:00 CRITICAL 'ansible_navigator.actions.run_playbook._handle_message' Unhandled message from runner queue, discarded: {'event': 'verbose', 'uuid': 'c65b5e07-09e6-452d-990d-755268f9d535', 'counter': 7, 'stdout': '\x1b[0;31m\x1b[0m', 'start_line': 6, 'end_line': 7, 'runner_ident': '69b0635e-e3f8-49df-8085-80f2a0c1717e', 'created': '2023-03-28T17:54:17.175812'}
2023-03-28T17:54:17.186496+00:00 CRITICAL 'ansible_navigator.actions.run_playbook._handle_message' Unhandled message from runner queue, discarded: {'event': 'verbose', 'uuid': 'edc7a6c6-43c9-4f77-98e5-b3a1f1da8ea2', 'counter': 8, 'stdout': '\x1b[0;31m\x1b[0m', 'start_line': 7, 'end_line': 8, 'runner_ident': '69b0635e-e3f8-49df-8085-80f2a0c1717e', 'created': '2023-03-28T17:54:17.175854'}
2023-03-28T17:54:17.186572+00:00 CRITICAL 'ansible_navigator.actions.run_playbook._handle_message' Unhandled message from runner queue, discarded: {'event': 'verbose', 'uuid': 'e2ae0fa4-fe8e-4c44-9ed1-0421cbe0143e', 'counter': 9, 'stdout': '\x1b[0;31m- name: Setting Selinux\x1b[0m', 'start_line': 8, 'end_line': 9, 'runner_ident': '69b0635e-e3f8-49df-8085-80f2a0c1717e', 'created': '2023-03-28T17:54:17.175895'}
2023-03-28T17:54:17.186646+00:00 CRITICAL 'ansible_navigator.actions.run_playbook._handle_message' Unhandled message from runner queue, discarded: {'event': 'verbose', 'uuid': '1ce3dfe2-a112-435f-bbbd-70ed1a400388', 'counter': 10, 'stdout': '\x1b[0;31m  ^ here\x1b[0m', 'start_line': 9, 'end_line': 10, 'runner_ident': '69b0635e-e3f8-49df-8085-80f2a0c1717e', 'created': '2023-03-28T17:54:17.175938'}
2023-03-28T17:54:17.580009+00:00 ERROR 'ansible_navigator.actions.run_playbook.write_artifact' Saving the artifact file failed, resulted in the following error: f[Errno 13] Permission denied: '/home/student/HRM/HRM/task1-artifact-2023-03-28T17:54:17.578308+00:00.json'
2023-03-28T18:11:31.674131+00:00 CRITICAL 'ansible_navigator.actions.run_playbook._handle_message' Unhandled message from runner queue, discarded: {'event': 'verbose', 'uuid': '04b9505a-ad79-4cef-a543-c7878b8e5b97', 'counter': 1, 'stdout': '\x1b[0;31mERROR! We were unable to read either as JSON nor YAML, these are the errors we got from each:\x1b[0m', 'start_line': 0, 'end_line': 1, 'runner_ident': '745bb603-34a6-4e0f-83ff-3043ee16bbe2', 'created': '2023-03-28T18:11:31.669410'}
2023-03-28T18:11:31.675202+00:00 CRITICAL 'ansible_navigator.actions.run_playbook._handle_message' Unhandled message from runner queue, discarded: {'event': 'verbose', 'uuid': '3989990d-b551-404a-b9ec-4af60873225f', 'counter': 2, 'stdout': '\x1b[0;31mJSON: Expecting value: line 1 column 1 (char 0)\x1b[0m', 'start_line': 1, 'end_line': 2, 'runner_ident': '745bb603-34a6-4e0f-83ff-3043ee16bbe2', 'created': '2023-03-28T18:11:31.669888'}
2023-03-28T18:11:31.675310+00:00 CRITICAL 'ansible_navigator.actions.run_playbook._handle_message' Unhandled message from runner queue, discarded: {'event': 'verbose', 'uuid': '2a81e155-0ef4-423b-8c4a-5a51b508c3bd', 'counter': 3, 'stdout': '\x1b[0;31m\x1b[0m', 'start_line': 2, 'end_line': 3, 'runner_ident': '745bb603-34a6-4e0f-83ff-3043ee16bbe2', 'created': '2023-03-28T18:11:31.669961'}
2023-03-28T18:11:31.675381+00:00 CRITICAL 'ansible_navigator.actions.run_playbook._handle_message' Unhandled message from runner queue, discarded: {'event': 'verbose', 'uuid': 'e9ef9ef0-765e-411c-a678-a487c008031a', 'counter': 4, 'stdout': '\x1b[0;31mSyntax Error while loading YAML.\x1b[0m', 'start_line': 3, 'end_line': 4, 'runner_ident': '745bb603-34a6-4e0f-83ff-3043ee16bbe2', 'created': '2023-03-28T18:11:31.670010'}
2023-03-28T18:11:31.675452+00:00 CRITICAL 'ansible_navigator.actions.run_playbook._handle_message' Unhandled message from runner queue, discarded: {'event': 'verbose', 'uuid': '801f78b2-68a7-40f5-9ef4-35f320fae0df', 'counter': 5, 'stdout': '\x1b[0;31m  found unknown escape character\x1b[0m', 'start_line': 4, 'end_line': 5, 'runner_ident': '745bb603-34a6-4e0f-83ff-3043ee16bbe2', 'created': '2023-03-28T18:11:31.670054'}
2023-03-28T18:11:31.675509+00:00 CRITICAL 'ansible_navigator.actions.run_playbook._handle_message' Unhandled message from runner queue, discarded: {'event': 'verbose', 'uuid': '1bf2c229-834e-400d-92d3-441c48b94d38', 'counter': 6, 'stdout': '\x1b[0;31m\x1b[0m', 'start_line': 5, 'end_line': 6, 'runner_ident': '745bb603-34a6-4e0f-83ff-3043ee16bbe2', 'created': '2023-03-28T18:11:31.670097'}
2023-03-28T18:11:31.675559+00:00 CRITICAL 'ansible_navigator.actions.run_playbook._handle_message' Unhandled message from runner queue, discarded: {'event': 'verbose', 'uuid': '3d5a7710-6636-4f26-9d27-ec4320ca1c68', 'counter': 7, 'stdout': "\x1b[0;31mThe error appears to be in '/home/student/HRM/HRM/roles/Prictice2/tasks/main.yml': line 11, column 17, but may\x1b[0m", 'start_line': 6, 'end_line': 7, 'runner_ident': '745bb603-34a6-4e0f-83ff-3043ee16bbe2', 'created': '2023-03-28T18:11:31.670139'}
2023-03-28T18:11:31.675614+00:00 CRITICAL 'ansible_navigator.actions.run_playbook._handle_message' Unhandled message from runner queue, discarded: {'event': 'verbose', 'uuid': 'cc0ded3c-e1b5-47b9-a8e1-5a55499a63b4', 'counter': 8, 'stdout': '\x1b[0;31mbe elsewhere in the file depending on the exact syntax problem.\x1b[0m', 'start_line': 7, 'end_line': 8, 'runner_ident': '745bb603-34a6-4e0f-83ff-3043ee16bbe2', 'created': '2023-03-28T18:11:31.670184'}
2023-03-28T18:11:31.675664+00:00 CRITICAL 'ansible_navigator.actions.run_playbook._handle_message' Unhandled message from runner queue, discarded: {'event': 'verbose', 'uuid': '379c2c6d-1574-4923-a6f8-8cc8b8d69f83', 'counter': 9, 'stdout': '\x1b[0;31m\x1b[0m', 'start_line': 8, 'end_line': 9, 'runner_ident': '745bb603-34a6-4e0f-83ff-3043ee16bbe2', 'created': '2023-03-28T18:11:31.670225'}
2023-03-28T18:11:31.675714+00:00 CRITICAL 'ansible_navigator.actions.run_playbook._handle_message' Unhandled message from runner queue, discarded: {'event': 'verbose', 'uuid': '08494d24-0e6a-423b-8a42-dca9ce48f3e1', 'counter': 10, 'stdout': '\x1b[0;31mThe offending line appears to be:\x1b[0m', 'start_line': 9, 'end_line': 10, 'runner_ident': '745bb603-34a6-4e0f-83ff-3043ee16bbe2', 'created': '2023-03-28T18:11:31.670268'}
2023-03-28T18:11:31.675761+00:00 CRITICAL 'ansible_navigator.actions.run_playbook._handle_message' Unhandled message from runner queue, discarded: {'event': 'verbose', 'uuid': '987ec16c-bd49-4c74-8209-007fb9041774', 'counter': 11, 'stdout': '\x1b[0;31m\x1b[0m', 'start_line': 10, 'end_line': 11, 'runner_ident': '745bb603-34a6-4e0f-83ff-3043ee16bbe2', 'created': '2023-03-28T18:11:31.670308'}
2023-03-28T18:11:31.675824+00:00 CRITICAL 'ansible_navigator.actions.run_playbook._handle_message' Unhandled message from runner queue, discarded: {'event': 'verbose', 'uuid': '0ac1c633-905d-41af-b03c-b3850388ff68', 'counter': 12, 'stdout': '\x1b[0;31m   path: /etc/hosts\x1b[0m', 'start_line': 11, 'end_line': 12, 'runner_ident': '745bb603-34a6-4e0f-83ff-3043ee16bbe2', 'created': '2023-03-28T18:11:31.670353'}
2023-03-28T18:11:31.675871+00:00 CRITICAL 'ansible_navigator.actions.run_playbook._handle_message' Unhandled message from runner queue, discarded: {'event': 'verbose', 'uuid': 'aa55ef81-d20c-4b72-97cd-15dd5d076d8f', 'counter': 13, 'stdout': '\x1b[0;31m   regexp: "^127\\.0\\.0\\.1.*"\x1b[0m', 'start_line': 12, 'end_line': 13, 'runner_ident': '745bb603-34a6-4e0f-83ff-3043ee16bbe2', 'created': '2023-03-28T18:11:31.670395'}
2023-03-28T18:11:31.675942+00:00 CRITICAL 'ansible_navigator.actions.run_playbook._handle_message' Unhandled message from runner queue, discarded: {'event': 'verbose', 'uuid': '5f1f7eb0-a719-4e94-92e4-fd53576e8c18', 'counter': 14, 'stdout': '\x1b[0;31m                ^ here\x1b[0m', 'start_line': 13, 'end_line': 14, 'runner_ident': '745bb603-34a6-4e0f-83ff-3043ee16bbe2', 'created': '2023-03-28T18:11:31.670459'}
2023-03-28T18:11:32.053329+00:00 ERROR 'ansible_navigator.actions.run_playbook.write_artifact' Saving the artifact file failed, resulted in the following error: f[Errno 13] Permission denied: '/home/student/HRM/HRM/task2-artifact-2023-03-28T18:11:32.051610+00:00.json'
2023-03-28T18:13:33.711354+00:00 CRITICAL 'ansible_navigator.actions.run_playbook._handle_message' Unhandled message from runner queue, discarded: {'event': 'verbose', 'uuid': '41c67161-8300-47f2-b11a-7eb8cac98484', 'counter': 1, 'stdout': "\x1b[0;31mERROR! couldn't resolve module/action 'community.general.seport'. This often indicates a misspelling, missing collection, or incorrect module path.\x1b[0m", 'start_line': 0, 'end_line': 1, 'runner_ident': 'a83d0344-cfcf-465d-95ad-d6238694e820', 'created': '2023-03-28T18:13:33.704792'}
2023-03-28T18:13:33.711963+00:00 CRITICAL 'ansible_navigator.actions.run_playbook._handle_message' Unhandled message from runner queue, discarded: {'event': 'verbose', 'uuid': '49c738b7-645c-48cb-9671-5b16ad3c2cc1', 'counter': 2, 'stdout': '\x1b[0;31m\x1b[0m', 'start_line': 1, 'end_line': 2, 'runner_ident': 'a83d0344-cfcf-465d-95ad-d6238694e820', 'created': '2023-03-28T18:13:33.705163'}
2023-03-28T18:13:33.712047+00:00 CRITICAL 'ansible_navigator.actions.run_playbook._handle_message' Unhandled message from runner queue, discarded: {'event': 'verbose', 'uuid': '5da1136b-8d12-4b43-9e24-9f0c8092e671', 'counter': 3, 'stdout': "\x1b[0;31mThe error appears to be in '/home/student/HRM/HRM/roles/Prictice1/tasks/main.yml': line 36, column 3, but may\x1b[0m", 'start_line': 2, 'end_line': 3, 'runner_ident': 'a83d0344-cfcf-465d-95ad-d6238694e820', 'created': '2023-03-28T18:13:33.705240'}
2023-03-28T18:13:33.712111+00:00 CRITICAL 'ansible_navigator.actions.run_playbook._handle_message' Unhandled message from runner queue, discarded: {'event': 'verbose', 'uuid': '42b1e7a2-5690-4164-badf-1015adbd947a', 'counter': 4, 'stdout': '\x1b[0;31mbe elsewhere in the file depending on the exact syntax problem.\x1b[0m', 'start_line': 3, 'end_line': 4, 'runner_ident': 'a83d0344-cfcf-465d-95ad-d6238694e820', 'created': '2023-03-28T18:13:33.705288'}
2023-03-28T18:13:33.712165+00:00 CRITICAL 'ansible_navigator.actions.run_playbook._handle_message' Unhandled message from runner queue, discarded: {'event': 'verbose', 'uuid': '424fa606-b4b1-4a2a-8f67-c9a60ba2578f', 'counter': 5, 'stdout': '\x1b[0;31m\x1b[0m', 'start_line': 4, 'end_line': 5, 'runner_ident': 'a83d0344-cfcf-465d-95ad-d6238694e820', 'created': '2023-03-28T18:13:33.705331'}
2023-03-28T18:13:33.712218+00:00 CRITICAL 'ansible_navigator.actions.run_playbook._handle_message' Unhandled message from runner queue, discarded: {'event': 'verbose', 'uuid': '24821ad9-fdba-4fed-99b3-62ff6f64c530', 'counter': 6, 'stdout': '\x1b[0;31mThe offending line appears to be:\x1b[0m', 'start_line': 5, 'end_line': 6, 'runner_ident': 'a83d0344-cfcf-465d-95ad-d6238694e820', 'created': '2023-03-28T18:13:33.705376'}
2023-03-28T18:13:33.712285+00:00 CRITICAL 'ansible_navigator.actions.run_playbook._handle_message' Unhandled message from runner queue, discarded: {'event': 'verbose', 'uuid': 'cb83b5a3-b4ec-4fd3-80e4-028aa7887224', 'counter': 7, 'stdout': '\x1b[0;31m\x1b[0m', 'start_line': 6, 'end_line': 7, 'runner_ident': 'a83d0344-cfcf-465d-95ad-d6238694e820', 'created': '2023-03-28T18:13:33.705438'}
2023-03-28T18:13:33.712342+00:00 CRITICAL 'ansible_navigator.actions.run_playbook._handle_message' Unhandled message from runner queue, discarded: {'event': 'verbose', 'uuid': '579dcb91-8e03-4618-b3ac-1e61c1b6fe1f', 'counter': 8, 'stdout': '\x1b[0;31m\x1b[0m', 'start_line': 7, 'end_line': 8, 'runner_ident': 'a83d0344-cfcf-465d-95ad-d6238694e820', 'created': '2023-03-28T18:13:33.705486'}
2023-03-28T18:13:33.712390+00:00 CRITICAL 'ansible_navigator.actions.run_playbook._handle_message' Unhandled message from runner queue, discarded: {'event': 'verbose', 'uuid': '91d90399-1afe-4950-97be-9418cc547200', 'counter': 9, 'stdout': '\x1b[0;31m- name: Setting Selinux\x1b[0m', 'start_line': 8, 'end_line': 9, 'runner_ident': 'a83d0344-cfcf-465d-95ad-d6238694e820', 'created': '2023-03-28T18:13:33.705530'}
2023-03-28T18:13:33.712459+00:00 CRITICAL 'ansible_navigator.actions.run_playbook._handle_message' Unhandled message from runner queue, discarded: {'event': 'verbose', 'uuid': 'c9849f09-97eb-43b2-a8aa-3ac774f5344b', 'counter': 10, 'stdout': '\x1b[0;31m  ^ here\x1b[0m', 'start_line': 9, 'end_line': 10, 'runner_ident': 'a83d0344-cfcf-465d-95ad-d6238694e820', 'created': '2023-03-28T18:13:33.705571'}
2023-03-28T18:13:34.068666+00:00 ERROR 'ansible_navigator.actions.run_playbook.write_artifact' Saving the artifact file failed, resulted in the following error: f[Errno 13] Permission denied: '/home/student/HRM/HRM/task1-artifact-2023-03-28T18:13:34.067103+00:00.json'
2023-03-28T18:16:37.951051+00:00 CRITICAL 'ansible_navigator.actions.run_playbook._handle_message' Unhandled message from runner queue, discarded: {'event': 'verbose', 'uuid': 'aa96f761-1791-4494-a8cf-f1dcd1b84fff', 'counter': 1, 'stdout': '\x1b[0;31mERROR! We were unable to read either as JSON nor YAML, these are the errors we got from each:\x1b[0m', 'start_line': 0, 'end_line': 1, 'runner_ident': 'a04262fb-3a5a-42c0-95ce-7393299100dd', 'created': '2023-03-28T18:16:37.941190'}
2023-03-28T18:16:37.951746+00:00 CRITICAL 'ansible_navigator.actions.run_playbook._handle_message' Unhandled message from runner queue, discarded: {'event': 'verbose', 'uuid': '3628829b-d219-4d59-aede-198761782f44', 'counter': 2, 'stdout': '\x1b[0;31mJSON: Expecting value: line 1 column 1 (char 0)\x1b[0m', 'start_line': 1, 'end_line': 2, 'runner_ident': 'a04262fb-3a5a-42c0-95ce-7393299100dd', 'created': '2023-03-28T18:16:37.941401'}
2023-03-28T18:16:37.951852+00:00 CRITICAL 'ansible_navigator.actions.run_playbook._handle_message' Unhandled message from runner queue, discarded: {'event': 'verbose', 'uuid': '6ba92dc3-0178-4dc4-b3fb-7245e769b9f4', 'counter': 3, 'stdout': '\x1b[0;31m\x1b[0m', 'start_line': 2, 'end_line': 3, 'runner_ident': 'a04262fb-3a5a-42c0-95ce-7393299100dd', 'created': '2023-03-28T18:16:37.941481'}
2023-03-28T18:16:37.951912+00:00 CRITICAL 'ansible_navigator.actions.run_playbook._handle_message' Unhandled message from runner queue, discarded: {'event': 'verbose', 'uuid': '42a109da-6a81-49cd-b5a7-c2fbfc1bdc13', 'counter': 4, 'stdout': '\x1b[0;31mSyntax Error while loading YAML.\x1b[0m', 'start_line': 3, 'end_line': 4, 'runner_ident': 'a04262fb-3a5a-42c0-95ce-7393299100dd', 'created': '2023-03-28T18:16:37.941528'}
2023-03-28T18:16:37.951967+00:00 CRITICAL 'ansible_navigator.actions.run_playbook._handle_message' Unhandled message from runner queue, discarded: {'event': 'verbose', 'uuid': '3c2f56fe-4500-40ae-9f41-557e12d067b5', 'counter': 5, 'stdout': '\x1b[0;31m  found unknown escape character\x1b[0m', 'start_line': 4, 'end_line': 5, 'runner_ident': 'a04262fb-3a5a-42c0-95ce-7393299100dd', 'created': '2023-03-28T18:16:37.941569'}
2023-03-28T18:16:37.952017+00:00 CRITICAL 'ansible_navigator.actions.run_playbook._handle_message' Unhandled message from runner queue, discarded: {'event': 'verbose', 'uuid': '34565b85-3018-4de6-a2fd-f78a743ff633', 'counter': 6, 'stdout': '\x1b[0;31m\x1b[0m', 'start_line': 5, 'end_line': 6, 'runner_ident': 'a04262fb-3a5a-42c0-95ce-7393299100dd', 'created': '2023-03-28T18:16:37.941610'}
2023-03-28T18:16:37.952070+00:00 CRITICAL 'ansible_navigator.actions.run_playbook._handle_message' Unhandled message from runner queue, discarded: {'event': 'verbose', 'uuid': '64a7e6f9-530c-4c13-a044-5b341aa84ba9', 'counter': 7, 'stdout': "\x1b[0;31mThe error appears to be in '/home/student/HRM/HRM/roles/Prictice2/tasks/main.yml': line 11, column 17, but may\x1b[0m", 'start_line': 6, 'end_line': 7, 'runner_ident': 'a04262fb-3a5a-42c0-95ce-7393299100dd', 'created': '2023-03-28T18:16:37.941650'}
2023-03-28T18:16:37.952132+00:00 CRITICAL 'ansible_navigator.actions.run_playbook._handle_message' Unhandled message from runner queue, discarded: {'event': 'verbose', 'uuid': '902447bd-ef93-4a67-98af-3f90e3f78285', 'counter': 8, 'stdout': '\x1b[0;31mbe elsewhere in the file depending on the exact syntax problem.\x1b[0m', 'start_line': 7, 'end_line': 8, 'runner_ident': 'a04262fb-3a5a-42c0-95ce-7393299100dd', 'created': '2023-03-28T18:16:37.941690'}
2023-03-28T18:16:37.952183+00:00 CRITICAL 'ansible_navigator.actions.run_playbook._handle_message' Unhandled message from runner queue, discarded: {'event': 'verbose', 'uuid': '5b65a384-a2ae-49f7-acc6-df7853f4e47b', 'counter': 9, 'stdout': '\x1b[0;31m\x1b[0m', 'start_line': 8, 'end_line': 9, 'runner_ident': 'a04262fb-3a5a-42c0-95ce-7393299100dd', 'created': '2023-03-28T18:16:37.941735'}
2023-03-28T18:16:37.952234+00:00 CRITICAL 'ansible_navigator.actions.run_playbook._handle_message' Unhandled message from runner queue, discarded: {'event': 'verbose', 'uuid': 'c95726ec-a536-4e80-b15d-f2be7603e0ba', 'counter': 10, 'stdout': '\x1b[0;31mThe offending line appears to be:\x1b[0m', 'start_line': 9, 'end_line': 10, 'runner_ident': 'a04262fb-3a5a-42c0-95ce-7393299100dd', 'created': '2023-03-28T18:16:37.941829'}
2023-03-28T18:16:37.952283+00:00 CRITICAL 'ansible_navigator.actions.run_playbook._handle_message' Unhandled message from runner queue, discarded: {'event': 'verbose', 'uuid': '95ae4b76-ab83-4216-b939-80599fcbaf36', 'counter': 11, 'stdout': '\x1b[0;31m\x1b[0m', 'start_line': 10, 'end_line': 11, 'runner_ident': 'a04262fb-3a5a-42c0-95ce-7393299100dd', 'created': '2023-03-28T18:16:37.941880'}
2023-03-28T18:16:37.952332+00:00 CRITICAL 'ansible_navigator.actions.run_playbook._handle_message' Unhandled message from runner queue, discarded: {'event': 'verbose', 'uuid': '36150fdb-3aef-4085-af11-dcf085a5708c', 'counter': 12, 'stdout': '\x1b[0;31m   path: /etc/hosts\x1b[0m', 'start_line': 11, 'end_line': 12, 'runner_ident': 'a04262fb-3a5a-42c0-95ce-7393299100dd', 'created': '2023-03-28T18:16:37.941929'}
2023-03-28T18:16:37.952380+00:00 CRITICAL 'ansible_navigator.actions.run_playbook._handle_message' Unhandled message from runner queue, discarded: {'event': 'verbose', 'uuid': '830046d2-5001-4614-8816-7a4c1d977210', 'counter': 13, 'stdout': '\x1b[0;31m   regexp: "^127\\.0\\.0\\.1.*"\x1b[0m', 'start_line': 12, 'end_line': 13, 'runner_ident': 'a04262fb-3a5a-42c0-95ce-7393299100dd', 'created': '2023-03-28T18:16:37.941972'}
2023-03-28T18:16:37.952438+00:00 CRITICAL 'ansible_navigator.actions.run_playbook._handle_message' Unhandled message from runner queue, discarded: {'event': 'verbose', 'uuid': 'f5bde379-d1fb-468c-baec-99d1a238b9de', 'counter': 14, 'stdout': '\x1b[0;31m                ^ here\x1b[0m', 'start_line': 13, 'end_line': 14, 'runner_ident': 'a04262fb-3a5a-42c0-95ce-7393299100dd', 'created': '2023-03-28T18:16:37.942020'}
2023-03-28T18:16:38.337933+00:00 ERROR 'ansible_navigator.actions.run_playbook.write_artifact' Saving the artifact file failed, resulted in the following error: f[Errno 13] Permission denied: '/home/student/HRM/HRM/task2-artifact-2023-03-28T18:16:38.336367+00:00.json'
2023-03-28T18:25:15.997990+00:00 ERROR 'ansible_navigator.actions.run_playbook.write_artifact' Saving the artifact file failed, resulted in the following error: f[Errno 13] Permission denied: '/home/student/HRM/HRM/task1-artifact-2023-03-28T18:25:15.996333+00:00.json'
2023-03-28T18:26:38.161357+00:00 CRITICAL 'ansible_navigator.actions.run_playbook._handle_message' Unhandled message from runner queue, discarded: {'event': 'verbose', 'uuid': '4137c064-6764-4477-9da9-415befec974a', 'counter': 1, 'stdout': '\x1b[0;31mERROR! We were unable to read either as JSON nor YAML, these are the errors we got from each:\x1b[0m', 'start_line': 0, 'end_line': 1, 'runner_ident': 'f546b8dc-6c99-4532-aa0a-5e8c7f989bfd', 'created': '2023-03-28T18:26:38.155519'}
2023-03-28T18:26:38.162002+00:00 CRITICAL 'ansible_navigator.actions.run_playbook._handle_message' Unhandled message from runner queue, discarded: {'event': 'verbose', 'uuid': 'a3f39979-60a4-47b5-b9b1-28d0ef8fa3b5', 'counter': 2, 'stdout': '\x1b[0;31mJSON: Expecting value: line 1 column 1 (char 0)\x1b[0m', 'start_line': 1, 'end_line': 2, 'runner_ident': 'f546b8dc-6c99-4532-aa0a-5e8c7f989bfd', 'created': '2023-03-28T18:26:38.155869'}
2023-03-28T18:26:38.162102+00:00 CRITICAL 'ansible_navigator.actions.run_playbook._handle_message' Unhandled message from runner queue, discarded: {'event': 'verbose', 'uuid': '3112708c-117f-4000-a434-0ea7f10d8015', 'counter': 3, 'stdout': '\x1b[0;31m\x1b[0m', 'start_line': 2, 'end_line': 3, 'runner_ident': 'f546b8dc-6c99-4532-aa0a-5e8c7f989bfd', 'created': '2023-03-28T18:26:38.155952'}
2023-03-28T18:26:38.162171+00:00 CRITICAL 'ansible_navigator.actions.run_playbook._handle_message' Unhandled message from runner queue, discarded: {'event': 'verbose', 'uuid': 'c8075ca8-6ae4-4e07-b685-5e83ab0ec683', 'counter': 4, 'stdout': '\x1b[0;31mSyntax Error while loading YAML.\x1b[0m', 'start_line': 3, 'end_line': 4, 'runner_ident': 'f546b8dc-6c99-4532-aa0a-5e8c7f989bfd', 'created': '2023-03-28T18:26:38.156026'}
2023-03-28T18:26:38.162235+00:00 CRITICAL 'ansible_navigator.actions.run_playbook._handle_message' Unhandled message from runner queue, discarded: {'event': 'verbose', 'uuid': 'fb448c53-779e-498c-b30b-962fe1b65215', 'counter': 5, 'stdout': '\x1b[0;31m  found unknown escape character\x1b[0m', 'start_line': 4, 'end_line': 5, 'runner_ident': 'f546b8dc-6c99-4532-aa0a-5e8c7f989bfd', 'created': '2023-03-28T18:26:38.156084'}
2023-03-28T18:26:38.162296+00:00 CRITICAL 'ansible_navigator.actions.run_playbook._handle_message' Unhandled message from runner queue, discarded: {'event': 'verbose', 'uuid': '31eeaf5d-9ba3-4754-828c-ccfc30ae5af7', 'counter': 6, 'stdout': '\x1b[0;31m\x1b[0m', 'start_line': 5, 'end_line': 6, 'runner_ident': 'f546b8dc-6c99-4532-aa0a-5e8c7f989bfd', 'created': '2023-03-28T18:26:38.156126'}
2023-03-28T18:26:38.162357+00:00 CRITICAL 'ansible_navigator.actions.run_playbook._handle_message' Unhandled message from runner queue, discarded: {'event': 'verbose', 'uuid': '4df46ee7-549a-49a2-bae7-8bb82a3f8604', 'counter': 7, 'stdout': "\x1b[0;31mThe error appears to be in '/home/student/HRM/HRM/roles/Prictice2/tasks/main.yml': line 11, column 17, but may\x1b[0m", 'start_line': 6, 'end_line': 7, 'runner_ident': 'f546b8dc-6c99-4532-aa0a-5e8c7f989bfd', 'created': '2023-03-28T18:26:38.156169'}
2023-03-28T18:26:38.162438+00:00 CRITICAL 'ansible_navigator.actions.run_playbook._handle_message' Unhandled message from runner queue, discarded: {'event': 'verbose', 'uuid': '09f663e2-3a87-4aea-9b82-f322d0dfaf9d', 'counter': 8, 'stdout': '\x1b[0;31mbe elsewhere in the file depending on the exact syntax problem.\x1b[0m', 'start_line': 7, 'end_line': 8, 'runner_ident': 'f546b8dc-6c99-4532-aa0a-5e8c7f989bfd', 'created': '2023-03-28T18:26:38.156211'}
2023-03-28T18:26:38.162508+00:00 CRITICAL 'ansible_navigator.actions.run_playbook._handle_message' Unhandled message from runner queue, discarded: {'event': 'verbose', 'uuid': 'e8a7d427-b366-456f-b1ab-df7ac4023c6e', 'counter': 9, 'stdout': '\x1b[0;31m\x1b[0m', 'start_line': 8, 'end_line': 9, 'runner_ident': 'f546b8dc-6c99-4532-aa0a-5e8c7f989bfd', 'created': '2023-03-28T18:26:38.156251'}
2023-03-28T18:26:38.162571+00:00 CRITICAL 'ansible_navigator.actions.run_playbook._handle_message' Unhandled message from runner queue, discarded: {'event': 'verbose', 'uuid': '36fb3ad5-a5fe-49c9-9c2b-928c6b45c68e', 'counter': 10, 'stdout': '\x1b[0;31mThe offending line appears to be:\x1b[0m', 'start_line': 9, 'end_line': 10, 'runner_ident': 'f546b8dc-6c99-4532-aa0a-5e8c7f989bfd', 'created': '2023-03-28T18:26:38.156294'}
2023-03-28T18:26:38.162636+00:00 CRITICAL 'ansible_navigator.actions.run_playbook._handle_message' Unhandled message from runner queue, discarded: {'event': 'verbose', 'uuid': '982342dd-dd89-4db7-bef8-13b8a065faf9', 'counter': 11, 'stdout': '\x1b[0;31m\x1b[0m', 'start_line': 10, 'end_line': 11, 'runner_ident': 'f546b8dc-6c99-4532-aa0a-5e8c7f989bfd', 'created': '2023-03-28T18:26:38.156335'}
2023-03-28T18:26:38.162695+00:00 CRITICAL 'ansible_navigator.actions.run_playbook._handle_message' Unhandled message from runner queue, discarded: {'event': 'verbose', 'uuid': 'f9d3138f-f343-4220-961f-eb903d72753c', 'counter': 12, 'stdout': '\x1b[0;31m   path: /etc/hosts\x1b[0m', 'start_line': 11, 'end_line': 12, 'runner_ident': 'f546b8dc-6c99-4532-aa0a-5e8c7f989bfd', 'created': '2023-03-28T18:26:38.156379'}
2023-03-28T18:26:38.162752+00:00 CRITICAL 'ansible_navigator.actions.run_playbook._handle_message' Unhandled message from runner queue, discarded: {'event': 'verbose', 'uuid': '84c23b25-c3c3-43d1-85dc-29de3ebc465a', 'counter': 13, 'stdout': '\x1b[0;31m   regexp: "^127\\.0\\.0\\.1.*"\x1b[0m', 'start_line': 12, 'end_line': 13, 'runner_ident': 'f546b8dc-6c99-4532-aa0a-5e8c7f989bfd', 'created': '2023-03-28T18:26:38.156434'}
2023-03-28T18:26:38.162810+00:00 CRITICAL 'ansible_navigator.actions.run_playbook._handle_message' Unhandled message from runner queue, discarded: {'event': 'verbose', 'uuid': '7977a3cf-0f35-4ade-a587-16b32ac1fdc9', 'counter': 14, 'stdout': '\x1b[0;31m                ^ here\x1b[0m', 'start_line': 13, 'end_line': 14, 'runner_ident': 'f546b8dc-6c99-4532-aa0a-5e8c7f989bfd', 'created': '2023-03-28T18:26:38.156480'}
2023-03-28T18:26:38.589887+00:00 ERROR 'ansible_navigator.actions.run_playbook.write_artifact' Saving the artifact file failed, resulted in the following error: f[Errno 13] Permission denied: '/home/student/HRM/HRM/task2-artifact-2023-03-28T18:26:38.588149+00:00.json'
2023-03-28T18:31:33.455301+00:00 ERROR 'ansible_navigator.actions.run_playbook.write_artifact' Saving the artifact file failed, resulted in the following error: f[Errno 13] Permission denied: '/home/student/HRM/HRM/task2-artifact-2023-03-28T18:31:33.453643+00:00.json'
2023-03-28T18:33:28.726522+00:00 ERROR 'ansible_navigator.actions.run_playbook.write_artifact' Saving the artifact file failed, resulted in the following error: f[Errno 13] Permission denied: '/home/student/HRM/HRM/task2-artifact-2023-03-28T18:33:28.724788+00:00.json'
2023-03-28T18:37:15.484523+00:00 ERROR 'ansible_navigator.actions.run_playbook.write_artifact' Saving the artifact file failed, resulted in the following error: f[Errno 13] Permission denied: '/home/student/HRM/HRM/exercise1-artifact-2023-03-28T18:37:15.482666+00:00.json'
2023-03-28T19:02:35.427099+00:00 ERROR 'ansible_navigator.actions.run_playbook.write_artifact' Saving the artifact file failed, resulted in the following error: f[Errno 13] Permission denied: '/home/student/HRM/HRM/task3-artifact-2023-03-28T19:02:35.425053+00:00.json'
2023-03-28T19:07:39.397728+00:00 ERROR 'ansible_navigator.actions.run_playbook.write_artifact' Saving the artifact file failed, resulted in the following error: f[Errno 13] Permission denied: '/home/student/HRM/HRM/task3-artifact-2023-03-28T19:07:39.395937+00:00.json'
2023-03-28T19:12:32.346851+00:00 ERROR 'ansible_navigator.actions.run_playbook.write_artifact' Saving the artifact file failed, resulted in the following error: f[Errno 13] Permission denied: '/home/student/HRM/HRM/task3-artifact-2023-03-28T19:12:32.345096+00:00.json'
2023-03-28T19:14:29.143177+00:00 ERROR 'ansible_navigator.actions.run_playbook.write_artifact' Saving the artifact file failed, resulted in the following error: f[Errno 13] Permission denied: '/home/student/HRM/HRM/task3-artifact-2023-03-28T19:14:29.141638+00:00.json'
2023-03-28T19:16:26.665924+00:00 ERROR 'ansible_navigator.actions.run_playbook.write_artifact' Saving the artifact file failed, resulted in the following error: f[Errno 13] Permission denied: '/home/student/HRM/HRM/task3-artifact-2023-03-28T19:16:26.664224+00:00.json'
2023-03-28T19:17:37.529382+00:00 ERROR 'ansible_navigator.actions.run_playbook.write_artifact' Saving the artifact file failed, resulted in the following error: f[Errno 13] Permission denied: '/home/student/HRM/HRM/task3-artifact-2023-03-28T19:17:37.527473+00:00.json'
2023-03-28T19:18:51.431720+00:00 ERROR 'ansible_navigator.actions.run_playbook.write_artifact' Saving the artifact file failed, resulted in the following error: f[Errno 13] Permission denied: '/home/student/HRM/HRM/exercise3-artifact-2023-03-28T19:18:51.430072+00:00.json'
2023-03-28T19:22:08.147785+00:00 ERROR 'ansible_navigator.actions.run_playbook.write_artifact' Saving the artifact file failed, resulted in the following error: f[Errno 13] Permission denied: '/home/student/HRM/HRM/exercise3-artifact-2023-03-28T19:22:08.145722+00:00.json'
